<?xml version="1.0" encoding="utf-8"?><testsuites name="pytest tests"><testsuite name="pytest" errors="0" failures="0" skipped="0" tests="57" time="19.442" timestamp="2026-09-06T15:04:05.284131+08:00" hostname="lyg0310"><testcase classname="tests.test_qa_vnext_online_representation" name="test_original_http_messages_and_noncanonical_targets_survive_export_exactly" time="1.004" /><testcase classname="tests.test_qa_vnext_online_representation" name="test_corrected_qualified_session_exports_admitted_targets_with_real_feedback_and_no_assignment" time="0.095" /><testcase classname="tests.test_qa_vnext_online_representation" name="test_new_program_paths_have_their_own_row_counts_not_the_old_27_rows[branch-17]" time="1.773" /><testcase classname="tests.test_qa_vnext_online_representation" name="test_new_program_paths_have_their_own_row_counts_not_the_old_27_rows[comparison-3]" time="0.373" /><testcase classname="tests.test_qa_vnext_online_representation" name="test_unqualified_or_unverified_sessions_export_zero_without_reading_http_or_tokenizer[known_failure-False-True-True]" time="0.037" /><testcase classname="tests.test_qa_vnext_online_representation" name="test_unqualified_or_unverified_sessions_export_zero_without_reading_http_or_tokenizer[unknown-None-False-False]" time="0.036" /><testcase classname="tests.test_qa_vnext_online_representation" name="test_unqualified_or_unverified_sessions_export_zero_without_reading_http_or_tokenizer[success-True-False-True]" time="0.036" /><testcase classname="tests.test_qa_vnext_online_representation" name="test_not_started_session_creates_neither_placeholder_nor_positive_token_check" time="0.001" /><testcase classname="tests.test_qa_vnext_online_representation" name="test_callback_model_label_alone_is_never_export_authority_and_fixture_is_excluded" time="0.121" /><testcase classname="tests.test_qa_vnext_online_representation" name="test_old_public_protocol_cannot_enter_new_candidates" time="0.050" /><testcase classname="tests.test_qa_vnext_online_representation" name="test_missing_verified_turn_identity_is_rejected_not_filled[public_request_id]" time="0.037" /><testcase classname="tests.test_qa_vnext_online_representation" name="test_missing_verified_turn_identity_is_rejected_not_filled[public_runtime_state_id]" time="0.037" /><testcase classname="tests.test_qa_vnext_online_representation" name="test_missing_verified_turn_identity_is_rejected_not_filled[provider_attempt_id]" time="0.038" /><testcase classname="tests.test_qa_vnext_online_representation" name="test_missing_verified_turn_identity_is_rejected_not_filled[request_id]" time="0.037" /><testcase classname="tests.test_qa_vnext_online_representation" name="test_missing_verified_turn_identity_is_rejected_not_filled[response_id]" time="0.037" /><testcase classname="tests.test_qa_vnext_online_representation" name="test_missing_verified_turn_identity_is_rejected_not_filled[submission_id]" time="0.037" /><testcase classname="tests.test_qa_vnext_online_representation" name="test_missing_verified_turn_identity_is_rejected_not_filled[receipt_id]" time="0.038" /><testcase classname="tests.test_qa_vnext_online_representation" name="test_missing_verified_turn_identity_is_rejected_not_filled[model_origin_evidence_id]" time="0.038" /><testcase classname="tests.test_qa_vnext_online_representation" name="test_turn_map_must_cover_every_actual_event_once_including_unadmitted[missing]" time="0.044" /><testcase classname="tests.test_qa_vnext_online_representation" name="test_turn_map_must_cover_every_actual_event_once_including_unadmitted[duplicate]" time="0.043" /><testcase classname="tests.test_qa_vnext_online_representation" name="test_turn_map_must_cover_every_actual_event_once_including_unadmitted[future_index]" time="0.064" /><testcase classname="tests.test_qa_vnext_online_representation" name="test_future_state_or_other_receipt_parent_is_rejected[public_request_id]" time="0.043" /><testcase classname="tests.test_qa_vnext_online_representation" name="test_future_state_or_other_receipt_parent_is_rejected[public_runtime_state_id]" time="0.043" /><testcase classname="tests.test_qa_vnext_online_representation" name="test_future_state_or_other_receipt_parent_is_rejected[submission_id]" time="0.043" /><testcase classname="tests.test_qa_vnext_online_representation" name="test_future_state_or_other_receipt_parent_is_rejected[receipt_id]" time="0.043" /><testcase classname="tests.test_qa_vnext_online_representation" name="test_future_state_or_other_receipt_parent_is_rejected[admitted]" time="0.043" /><testcase classname="tests.test_qa_vnext_online_representation" name="test_qualified_metadata_cannot_bypass_exact_transport_bytes[request_sha256]" time="0.045" /><testcase classname="tests.test_qa_vnext_online_representation" name="test_qualified_metadata_cannot_bypass_exact_transport_bytes[response_sha256]" time="0.045" /><testcase classname="tests.test_qa_vnext_online_representation" name="test_qualified_metadata_cannot_bypass_exact_transport_bytes[public_request_sha256]" time="0.043" /><testcase classname="tests.test_qa_vnext_online_representation" name="test_qualified_metadata_cannot_bypass_exact_transport_bytes[raw_public_content_sha256]" time="0.045" /><testcase classname="tests.test_qa_vnext_online_representation" name="test_transport_binding_cannot_escape_qualified_directory[../outside.body]" time="0.045" /><testcase classname="tests.test_qa_vnext_online_representation" name="test_transport_binding_cannot_escape_qualified_directory[/tmp/outside.body]" time="0.045" /><testcase classname="tests.test_qa_vnext_online_representation" name="test_modified_http_conditions_or_normalized_response_are_not_silently_used[future_user]" time="0.450" /><testcase classname="tests.test_qa_vnext_online_representation" name="test_modified_http_conditions_or_normalized_response_are_not_silently_used[history_append]" time="0.424" /><testcase classname="tests.test_qa_vnext_online_representation" name="test_modified_http_conditions_or_normalized_response_are_not_silently_used[normalized_response]" time="0.424" /><testcase classname="tests.test_qa_vnext_online_representation" name="test_modified_http_conditions_or_normalized_response_are_not_silently_used[manifest]" time="0.439" /><testcase classname="tests.test_qa_vnext_online_representation" name="test_independent_domain_audit_cannot_be_replaced_by_online_success_flags[qualified]" time="0.038" /><testcase classname="tests.test_qa_vnext_online_representation" name="test_independent_domain_audit_cannot_be_replaced_by_online_success_flags[qa_valid]" time="0.038" /><testcase classname="tests.test_qa_vnext_online_representation" name="test_independent_domain_audit_cannot_be_replaced_by_online_success_flags[trajectory_valid]" time="0.038" /><testcase classname="tests.test_qa_vnext_online_representation" name="test_independent_domain_audit_cannot_be_replaced_by_online_success_flags[evidence_complete]" time="0.038" /><testcase classname="tests.test_qa_vnext_online_representation" name="test_qualification_identity_and_projection_status_are_not_mutable_flags" time="0.045" /><testcase classname="tests.test_qa_vnext_online_representation" name="test_new_rows_use_frozen_five_file_tokenizer_and_only_original_content_mask" time="5.609" /><testcase classname="tests.test_qa_vnext_online_representation" name="test_long_original_target_overflow_retains_qualified_raw_row_without_truncation" time="1.863" /><testcase classname="tests.test_qa_vnext_online_representation" name="test_tokenization_is_deterministic_and_never_assigns_legacy_weights" time="1.389" /><testcase classname="tests.test_qa_vnext_online_representation" name="test_token_consumer_rejects_old_or_rewritten_candidates_before_loading[old_protocol]" time="0.087" /><testcase classname="tests.test_qa_vnext_online_representation" name="test_token_consumer_rejects_old_or_rewritten_candidates_before_loading[old_schema]" time="0.083" /><testcase classname="tests.test_qa_vnext_online_representation" name="test_token_consumer_rejects_old_or_rewritten_candidates_before_loading[assignment]" time="0.086" /><testcase classname="tests.test_qa_vnext_online_representation" name="test_token_consumer_rejects_old_or_rewritten_candidates_before_loading[class_weight]" time="0.086" /><testcase classname="tests.test_qa_vnext_online_representation" name="test_token_consumer_rejects_old_or_rewritten_candidates_before_loading[target_bytes]" time="0.086" /><testcase classname="tests.test_qa_vnext_online_representation" name="test_token_consumer_rejects_old_or_rewritten_candidates_before_loading[duplicate]" time="0.089" /><testcase classname="tests.test_qa_vnext_online_representation" name="test_sequence_limit_cannot_be_silently_raised" time="0.085" /><testcase classname="tests.test_qa_vnext_online_representation" name="test_new_row_boundary_failures_are_not_reported_as_fitted[render]" time="0.415" /><testcase classname="tests.test_qa_vnext_online_representation" name="test_new_row_boundary_failures_are_not_reported_as_fitted[prefix]" time="0.500" /><testcase classname="tests.test_qa_vnext_online_representation" name="test_new_row_boundary_failures_are_not_reported_as_fitted[boundary]" time="0.521" /><testcase classname="tests.test_qa_vnext_online_representation" name="test_new_row_boundary_failures_are_not_reported_as_fitted[decode]" time="0.490" /><testcase classname="tests.test_qa_vnext_online_representation" name="test_new_row_boundary_failures_are_not_reported_as_fitted[padding]" time="0.525" /><testcase classname="tests.test_qa_vnext_online_representation" name="test_new_row_boundary_failures_are_not_reported_as_fitted[suffix]" time="0.538" /></testsuite></testsuites>