<?xml version="1.0" encoding="utf-8"?><testsuites name="pytest tests"><testsuite name="pytest" errors="0" failures="0" skipped="0" tests="49" time="13.433" timestamp="2026-09-06T14:57:04.338881+08:00" hostname="lyg0310"><testcase classname="tests.test_qa_vnext_update_calibration" name="test_actual_selection_and_unchanged_parser_and_admission" time="2.145" /><testcase classname="tests.test_qa_vnext_update_calibration" name="test_all_four_shapes_public_controls" time="0.548" /><testcase classname="tests.test_qa_vnext_update_calibration" name="test_same_admission_both_arms_and_public_only_receivers[accept-0]" time="0.024" /><testcase classname="tests.test_qa_vnext_update_calibration" name="test_same_admission_both_arms_and_public_only_receivers[accept-1]" time="0.028" /><testcase classname="tests.test_qa_vnext_update_calibration" name="test_same_admission_both_arms_and_public_only_receivers[accept-2]" time="0.024" /><testcase classname="tests.test_qa_vnext_update_calibration" name="test_same_admission_both_arms_and_public_only_receivers[accept-3]" time="0.023" /><testcase classname="tests.test_qa_vnext_update_calibration" name="test_same_admission_both_arms_and_public_only_receivers[accept-4]" time="0.028" /><testcase classname="tests.test_qa_vnext_update_calibration" name="test_same_admission_both_arms_and_public_only_receivers[accept-5]" time="0.024" /><testcase classname="tests.test_qa_vnext_update_calibration" name="test_same_admission_both_arms_and_public_only_receivers[accept-6]" time="0.024" /><testcase classname="tests.test_qa_vnext_update_calibration" name="test_same_admission_both_arms_and_public_only_receivers[accept-7]" time="0.028" /><testcase classname="tests.test_qa_vnext_update_calibration" name="test_same_admission_both_arms_and_public_only_receivers[accept-8]" time="0.024" /><testcase classname="tests.test_qa_vnext_update_calibration" name="test_same_admission_both_arms_and_public_only_receivers[accept-9]" time="0.024" /><testcase classname="tests.test_qa_vnext_update_calibration" name="test_same_admission_both_arms_and_public_only_receivers[accept-10]" time="0.028" /><testcase classname="tests.test_qa_vnext_update_calibration" name="test_same_admission_both_arms_and_public_only_receivers[accept-11]" time="0.024" /><testcase classname="tests.test_qa_vnext_update_calibration" name="test_same_admission_both_arms_and_public_only_receivers[reject-0]" time="0.024" /><testcase classname="tests.test_qa_vnext_update_calibration" name="test_same_admission_both_arms_and_public_only_receivers[reject-1]" time="0.028" /><testcase classname="tests.test_qa_vnext_update_calibration" name="test_same_admission_both_arms_and_public_only_receivers[reject-2]" time="0.024" /><testcase classname="tests.test_qa_vnext_update_calibration" name="test_same_admission_both_arms_and_public_only_receivers[reject-3]" time="0.023" /><testcase classname="tests.test_qa_vnext_update_calibration" name="test_same_admission_both_arms_and_public_only_receivers[reject-4]" time="0.028" /><testcase classname="tests.test_qa_vnext_update_calibration" name="test_same_admission_both_arms_and_public_only_receivers[reject-5]" time="0.024" /><testcase classname="tests.test_qa_vnext_update_calibration" name="test_same_admission_both_arms_and_public_only_receivers[reject-6]" time="0.023" /><testcase classname="tests.test_qa_vnext_update_calibration" name="test_same_admission_both_arms_and_public_only_receivers[reject-7]" time="0.028" /><testcase classname="tests.test_qa_vnext_update_calibration" name="test_same_admission_both_arms_and_public_only_receivers[reject-8]" time="0.025" /><testcase classname="tests.test_qa_vnext_update_calibration" name="test_same_admission_both_arms_and_public_only_receivers[reject-9]" time="0.023" /><testcase classname="tests.test_qa_vnext_update_calibration" name="test_same_admission_both_arms_and_public_only_receivers[reject-10]" time="0.028" /><testcase classname="tests.test_qa_vnext_update_calibration" name="test_same_admission_both_arms_and_public_only_receivers[reject-11]" time="0.024" /><testcase classname="tests.test_qa_vnext_update_calibration" name="test_model_supplied_rules_cannot_weaken_actual_admission" time="0.016" /><testcase classname="tests.test_qa_vnext_update_calibration" name="test_config_budget_and_overlong_request_are_not_silently_truncated" time="0.017" /><testcase classname="tests.test_qa_vnext_update_calibration" name="test_one_attempt_raw_evidence_roundtrip[O-accept]" time="0.045" /><testcase classname="tests.test_qa_vnext_update_calibration" name="test_one_attempt_raw_evidence_roundtrip[O-reject]" time="0.042" /><testcase classname="tests.test_qa_vnext_update_calibration" name="test_one_attempt_raw_evidence_roundtrip[O-schema]" time="0.043" /><testcase classname="tests.test_qa_vnext_update_calibration" name="test_one_attempt_raw_evidence_roundtrip[O-semantic]" time="0.043" /><testcase classname="tests.test_qa_vnext_update_calibration" name="test_one_attempt_raw_evidence_roundtrip[O-timeout]" time="0.035" /><testcase classname="tests.test_qa_vnext_update_calibration" name="test_one_attempt_raw_evidence_roundtrip[O-http]" time="0.037" /><testcase classname="tests.test_qa_vnext_update_calibration" name="test_one_attempt_raw_evidence_roundtrip[O-empty]" time="0.037" /><testcase classname="tests.test_qa_vnext_update_calibration" name="test_one_attempt_raw_evidence_roundtrip[O-model]" time="0.037" /><testcase classname="tests.test_qa_vnext_update_calibration" name="test_one_attempt_raw_evidence_roundtrip[R-accept]" time="0.047" /><testcase classname="tests.test_qa_vnext_update_calibration" name="test_one_attempt_raw_evidence_roundtrip[R-reject]" time="0.047" /><testcase classname="tests.test_qa_vnext_update_calibration" name="test_one_attempt_raw_evidence_roundtrip[R-schema]" time="0.047" /><testcase classname="tests.test_qa_vnext_update_calibration" name="test_one_attempt_raw_evidence_roundtrip[R-semantic]" time="0.047" /><testcase classname="tests.test_qa_vnext_update_calibration" name="test_one_attempt_raw_evidence_roundtrip[R-timeout]" time="0.039" /><testcase classname="tests.test_qa_vnext_update_calibration" name="test_one_attempt_raw_evidence_roundtrip[R-http]" time="0.042" /><testcase classname="tests.test_qa_vnext_update_calibration" name="test_one_attempt_raw_evidence_roundtrip[R-empty]" time="0.041" /><testcase classname="tests.test_qa_vnext_update_calibration" name="test_one_attempt_raw_evidence_roundtrip[R-model]" time="0.042" /><testcase classname="tests.test_qa_vnext_update_calibration" name="test_tampered_http_bytes_are_unknown_not_scored" time="0.025" /><testcase classname="tests.test_qa_vnext_update_calibration" name="test_fixed_denominator_unknown_and_gate" time="0.098" /><testcase classname="tests.test_qa_vnext_update_calibration" name="test_actual_orchestration_fixed_pairs_no_retries[none]" time="3.908" /><testcase classname="tests.test_qa_vnext_update_calibration" name="test_actual_orchestration_fixed_pairs_no_retries[known]" time="3.883" /><testcase classname="tests.test_qa_vnext_update_calibration" name="test_actual_orchestration_fixed_pairs_no_retries[unknown]" time="0.862" /></testsuite></testsuites>