<?xml version="1.0" encoding="utf-8"?><testsuites name="pytest tests"><testsuite name="pytest" errors="0" failures="0" skipped="0" tests="40" time="10.487" timestamp="2026-09-13T23:40:01.386696+08:00" hostname="lyg0310"><testcase classname="tests.test_qa_vnext_fixed_kernel_budget_recovery_writer" name="test_priority_gate_is_nonpreemptive_FIFO_with_settlement_ahead_of_reserves" time="0.003" /><testcase classname="tests.test_qa_vnext_fixed_kernel_budget_recovery_writer" name="test_failed_operation_releases_gate_and_records_first_lock_failure" time="0.001" /><testcase classname="tests.test_qa_vnext_fixed_kernel_budget_recovery_writer" name="test_same_wallet_instances_share_gate_but_readers_do_not_queue" time="2.005" /><testcase classname="tests.test_qa_vnext_fixed_kernel_budget_recovery_writer" name="test_recovery_does_not_clear_closed_old_failed_purpose" time="1.383" /><testcase classname="tests.test_qa_vnext_fixed_kernel_budget_recovery_writer" name="test_common_balance_is_not_cached_around_an_external_legacy_insert" time="1.351" /><testcase classname="tests.test_qa_vnext_fixed_kernel_budget_recovery_writer" name="test_small_mixed_shadow_retains_contract_and_reports_serial_writer_metrics" time="1.987" /><testcase classname="tests.test_qa_vnext_fixed_kernel_study" name="test_injected_full_collection_retains_fixed_denominator_and_original_refs" time="0.009" /><testcase classname="tests.test_qa_vnext_fixed_kernel_study" name="test_global_stop_does_not_schedule_replacement_or_remove_unrequested_rows" time="0.004" /><testcase classname="tests.test_qa_vnext_fixed_kernel_study" name="test_assessment_exception_is_typed_and_stops_admission_without_losing_raw_session" time="0.005" /><testcase classname="tests.test_qa_vnext_fixed_kernel_study" name="test_closed_worker_orphans_are_cancelled_only_if_unsent[reserved]" time="0.003" /><testcase classname="tests.test_qa_vnext_fixed_kernel_study" name="test_closed_worker_orphans_are_cancelled_only_if_unsent[sent]" time="0.003" /><testcase classname="tests.test_qa_vnext_fixed_kernel_study" name="test_raw_completion_and_global_contract_are_distinct" time="0.001" /><testcase classname="tests.test_qa_vnext_fixed_kernel_study" name="test_inflight_or_unjoined_worker_cannot_claim_generation_closed" time="0.001" /><testcase classname="tests.test_qa_vnext_fixed_kernel_study" name="test_unmeasured_global_gate_never_claims_zero_support_or_failed_tokenization" time="0.000" /><testcase classname="tests.test_qa_vnext_fixed_kernel_study" name="test_nonpassing_junit_is_rejected[failures]" time="0.001" /><testcase classname="tests.test_qa_vnext_fixed_kernel_study" name="test_nonpassing_junit_is_rejected[errors]" time="0.001" /><testcase classname="tests.test_qa_vnext_fixed_kernel_study" name="test_nonpassing_junit_is_rejected[skipped]" time="0.001" /><testcase classname="tests.test_qa_vnext_fixed_kernel_study" name="test_new_code_snapshot_detects_postfreeze_edits" time="0.002" /><testcase classname="tests.test_qa_vnext_fixed_kernel_study" name="test_uncommitted_preparation_is_rejected_before_any_input_or_wallet_access" time="0.003" /><testcase classname="tests.test_qa_vnext_fixed_kernel_study" name="test_materialization_requires_matching_generation_and_budget_closure[generation_open]" time="0.002" /><testcase classname="tests.test_qa_vnext_fixed_kernel_study" name="test_materialization_requires_matching_generation_and_budget_closure[budget_open]" time="0.002" /><testcase classname="tests.test_qa_vnext_fixed_kernel_study" name="test_materialization_requires_matching_generation_and_budget_closure[different_report]" time="0.002" /><testcase classname="tests.test_qa_vnext_fixed_kernel_study" name="test_prepare_is_offline_and_keeps_formal_tokenizer_filename_unused[False]" time="0.731" /><testcase classname="tests.test_qa_vnext_fixed_kernel_study" name="test_prepare_is_offline_and_keeps_formal_tokenizer_filename_unused[True]" time="0.794" /><testcase classname="tests.test_qa_vnext_fixed_kernel_study_recovery" name="test_recovery_parent_retains_old_failure_denominator_and_exact_remaining_allowance" time="0.017" /><testcase classname="tests.test_qa_vnext_fixed_kernel_study_recovery" name="test_recovery_cannot_regrant_old_spending[TOKEN_CAP]" time="0.016" /><testcase classname="tests.test_qa_vnext_fixed_kernel_study_recovery" name="test_recovery_cannot_regrant_old_spending[REQUEST_CAP]" time="0.016" /><testcase classname="tests.test_qa_vnext_fixed_kernel_study_recovery" name="test_recovery_cannot_change_population" time="0.017" /><testcase classname="tests.test_qa_vnext_fixed_kernel_study_recovery" name="test_recovery_does_not_change_scientific_protocol[REPLICATES]" time="0.016" /><testcase classname="tests.test_qa_vnext_fixed_kernel_study_recovery" name="test_recovery_does_not_change_scientific_protocol[ORDER_SEED]" time="0.016" /><testcase classname="tests.test_qa_vnext_fixed_kernel_study_recovery" name="test_recovery_does_not_change_scientific_protocol[MAX_RESPONSES]" time="0.016" /><testcase classname="tests.test_qa_vnext_fixed_kernel_study_recovery" name="test_recovery_does_not_change_scientific_protocol[SEQUENCE_CAP]" time="0.016" /><testcase classname="tests.test_qa_vnext_fixed_kernel_study_recovery" name="test_recovery_cannot_modify_public_prompt" time="0.016" /><testcase classname="tests.test_qa_vnext_fixed_kernel_study_recovery" name="test_recovery_rejects_reopened_trained_or_reduced_old_batch[generation_report.json-material_generation_report-changes0]" time="0.016" /><testcase classname="tests.test_qa_vnext_fixed_kernel_study_recovery" name="test_recovery_rejects_reopened_trained_or_reduced_old_batch[budget_finalization.json-kernel_budget_finalization-changes1]" time="0.016" /><testcase classname="tests.test_qa_vnext_fixed_kernel_study_recovery" name="test_recovery_rejects_reopened_trained_or_reduced_old_batch[closed_collection_summary.json-closed_collection_summary-changes2]" time="0.016" /><testcase classname="tests.test_qa_vnext_fixed_kernel_study_recovery" name="test_recovery_rejects_reopened_trained_or_reduced_old_batch[closed_collection_summary.json-closed_collection_summary-changes3]" time="0.016" /><testcase classname="tests.test_qa_vnext_fixed_kernel_study_recovery" name="test_recovery_binding_detects_later_parent_metadata_change" time="0.021" /><testcase classname="tests.test_qa_vnext_fixed_kernel_study_recovery" name="test_new_package_not_original_dependency_but_closed_parent_is_protected" time="0.000" /><testcase classname="tests.test_qa_vnext_fixed_kernel_study_recovery" name="test_single_request_shadow_cannot_satisfy_recovery_pressure_proof" time="0.002" /></testsuite></testsuites>