<?xml version="1.0" encoding="utf-8"?><testsuites name="pytest tests"><testsuite name="pytest" errors="0" failures="0" skipped="0" tests="157" time="84.447" timestamp="2026-09-13T10:11:26.668424+08:00" hostname="lyg0310"><testcase classname="tests.test_qa_vnext_anchored_feedback" name="test_registry_exact_denominator_groups_and_common_random_numbers" time="0.031" /><testcase classname="tests.test_qa_vnext_anchored_feedback" name="test_sampling_full_softmax_and_real_eos_probability_replay" time="0.018" /><testcase classname="tests.test_qa_vnext_anchored_feedback" name="test_full_trajectory_errors_and_eos_not_SFT_or_length_normalized" time="0.161" /><testcase classname="tests.test_qa_vnext_anchored_feedback" name="test_parameter_dropout_identity_and_record_tampering_fail_closed" time="0.028" /><testcase classname="tests.test_qa_vnext_anchored_feedback" name="test_context_rejection_and_partial_failure_keep_actual_sampled_tokens" time="0.039" /><testcase classname="tests.test_qa_vnext_anchored_feedback" name="test_fixed_reward_gradient_matches_analytic_and_does_not_mutate_real_grad" time="2.281" /><testcase classname="tests.test_qa_vnext_anchored_feedback" name="test_no_final_and_qualification_missing_failures_are_not_success" time="0.014" /><testcase classname="tests.test_qa_vnext_anchored_feedback" name="test_production_is_hard_gate_not_a_boolean_claim" time="0.012" /><testcase classname="tests.test_qa_vnext_anchored_feedback" name="test_private_fields_not_accepted_in_public_registration_and_neutral_prefix_enforced" time="0.013" /><testcase classname="tests.test_qa_vnext_anchored_feedback" name="test_online_public_runtime_then_offline_qualification_keeps_all_360" time="1.006" /><testcase classname="tests.test_qa_vnext_anchored_feedback" name="test_tokenizer_fault_is_retained_but_cannot_supply_gJ" time="0.014" /><testcase classname="tests.test_qa_vnext_anchored_feedback" name="test_length_limit_keeps_all_2048_without_fabricating_eos_or_cropping" time="0.323" /><testcase classname="tests.test_qa_vnext_anchored_feedback" name="test_score_gradient_finite_difference_and_resealed_probability_tamper" time="0.020" /><testcase classname="tests.test_qa_vnext_anchored_gradients_isolation" name="test_class_gradient_means_and_real_buffers_unchanged" time="0.004" /><testcase classname="tests.test_qa_vnext_anchored_gradients_isolation" name="test_virtual_forward_uses_new_point_without_mutating_original" time="0.002" /><testcase classname="tests.test_qa_vnext_anchored_gradients_isolation" name="test_virtual_drift_detected" time="0.001" /><testcase classname="tests.test_qa_vnext_anchored_gradients_isolation" name="test_invalid_class_gradient_inputs_rejected[duplicate]" time="0.001" /><testcase classname="tests.test_qa_vnext_anchored_gradients_isolation" name="test_invalid_class_gradient_inputs_rejected[heldout]" time="0.001" /><testcase classname="tests.test_qa_vnext_anchored_gradients_isolation" name="test_invalid_class_gradient_inputs_rejected[wrong_L]" time="0.001" /><testcase classname="tests.test_qa_vnext_anchored_gradients_isolation" name="test_invalid_class_gradient_inputs_rejected[mixed_pool]" time="0.001" /><testcase classname="tests.test_qa_vnext_anchored_gradients_isolation" name="test_modes_restored_after_error" time="0.001" /><testcase classname="tests.test_qa_vnext_anchored_gradients_isolation" name="test_forbidden_development_reads_even_if_allowlisted[trusted_data_synthesis/artifacts/qa_vnext_basis_student/study_20260912/scores/confirm/report.json]" time="0.004" /><testcase classname="tests.test_qa_vnext_anchored_gradients_isolation" name="test_forbidden_development_reads_even_if_allowlisted[trusted_data_synthesis/artifacts/qa_vnext_basis_student/study_20260912/training/final_adapter.safetensors]" time="0.001" /><testcase classname="tests.test_qa_vnext_anchored_gradients_isolation" name="test_forbidden_development_reads_even_if_allowlisted[other/confirm/result.json]" time="0.001" /><testcase classname="tests.test_qa_vnext_anchored_gradients_isolation" name="test_forbidden_development_reads_even_if_allowlisted[other/confirmation.json]" time="0.001" /><testcase classname="tests.test_qa_vnext_anchored_gradients_isolation" name="test_forbidden_development_reads_even_if_allowlisted[../outside]" time="0.001" /><testcase classname="tests.test_qa_vnext_anchored_gradients_isolation" name="test_read_allowlist_has_actual_bytes_digest" time="0.001" /><testcase classname="tests.test_qa_vnext_anchored_gradients_isolation" name="test_confirmation_presence_never_opens_outcomes" time="0.002" /><testcase classname="tests.test_qa_vnext_anchored_gradients_isolation" name="test_new_outputs_confined_to_new_algorithm[trusted_data_synthesis/artifacts/qa_vnext_basis_student/study_20260912/new.json]" time="0.001" /><testcase classname="tests.test_qa_vnext_anchored_gradients_isolation" name="test_new_outputs_confined_to_new_algorithm[../new]" time="0.001" /><testcase classname="tests.test_qa_vnext_anchored_gradients_isolation" name="test_new_outputs_confined_to_new_algorithm[trusted_data_synthesis/artifacts/qa_vnext_anchored_vtdo]" time="0.001" /><testcase classname="tests.test_qa_vnext_anchored_gradients_isolation" name="test_new_outputs_confined_to_new_algorithm[unrelated/result]" time="0.001" /><testcase classname="tests.test_qa_vnext_anchored_gradients_isolation" name="test_new_budget_never_implicitly_authorizes_GPU" time="0.001" /><testcase classname="tests.test_qa_vnext_anchored_gradients_isolation" name="test_write_once_and_record_identity" time="0.002" /><testcase classname="tests.test_qa_vnext_anchored_state_catalog" name="test_exact_DAG_invariant_to_reference_ids_and_independent_node_array_order" time="0.005" /><testcase classname="tests.test_qa_vnext_anchored_state_catalog" name="test_semantic_relations_are_not_merged_despite_same_numeric_answer[source]" time="0.001" /><testcase classname="tests.test_qa_vnext_anchored_state_catalog" name="test_semantic_relations_are_not_merged_despite_same_numeric_answer[period]" time="0.001" /><testcase classname="tests.test_qa_vnext_anchored_state_catalog" name="test_semantic_relations_are_not_merged_despite_same_numeric_answer[subtract_role]" time="0.001" /><testcase classname="tests.test_qa_vnext_anchored_state_catalog" name="test_semantic_relations_are_not_merged_despite_same_numeric_answer[visibility]" time="0.001" /><testcase classname="tests.test_qa_vnext_anchored_state_catalog" name="test_semantic_relations_are_not_merged_despite_same_numeric_answer[revision]" time="0.001" /><testcase classname="tests.test_qa_vnext_anchored_state_catalog" name="test_semantic_relations_are_not_merged_despite_same_numeric_answer[verification]" time="0.001" /><testcase classname="tests.test_qa_vnext_anchored_state_catalog" name="test_semantic_relations_are_not_merged_despite_same_numeric_answer[Final]" time="0.001" /><testcase classname="tests.test_qa_vnext_anchored_state_catalog" name="test_semantic_relations_are_not_merged_despite_same_numeric_answer[actual_method]" time="0.001" /><testcase classname="tests.test_qa_vnext_anchored_state_catalog" name="test_cyclic_and_search_unproven_graphs_fail_instead_of_hash_merging" time="0.001" /><testcase classname="tests.test_qa_vnext_anchored_state_catalog" name="test_structured_original_projection_is_real_replay_and_retains_old_signature" time="0.007" /><testcase classname="tests.test_qa_vnext_anchored_state_catalog" name="test_missing_or_tampered_original_evidence_never_forces_projection" time="0.004" /><testcase classname="tests.test_qa_vnext_anchored_state_catalog" name="test_actual_structured_revision_and_verification_are_preserved[revision-explicit_revision]" time="0.012" /><testcase classname="tests.test_qa_vnext_anchored_state_catalog" name="test_actual_structured_revision_and_verification_are_preserved[verification-inherited_check:redundant_target_recomputation]" time="0.012" /><testcase classname="tests.test_qa_vnext_anchored_state_catalog" name="test_genuine_free_declaration_not_a_tampered_hash_remains_pending" time="0.005" /><testcase classname="tests.test_qa_vnext_anchored_state_catalog" name="test_catalog_keeps_every_original_package_and_method_pushforward" time="1.557" /><testcase classname="tests.test_qa_vnext_anchored_state_catalog" name="test_missing_mapping_retained_with_separate_train_and_heldout_gates[train-False]" time="0.808" /><testcase classname="tests.test_qa_vnext_anchored_state_catalog" name="test_missing_mapping_retained_with_separate_train_and_heldout_gates[heldout-True]" time="0.966" /><testcase classname="tests.test_qa_vnext_anchored_state_catalog" name="test_deleting_unmapped_original_cannot_restore_ready" time="0.004" /><testcase classname="tests.test_qa_vnext_anchored_state_catalog" name="test_rehashed_state_count_or_method_cannot_override_originals" time="0.179" /><testcase classname="tests.test_qa_vnext_anchored_state_catalog" name="test_explicit_parent_loader_reads_all_original_eight_plus_two_and_evidence" time="1.318" /><testcase classname="tests.test_qa_vnext_anchored_state_catalog" name="test_live_collection_or_missing_heldout_original_is_not_state_mapping_uncertainty" time="0.288" /><testcase classname="tests.test_qa_vnext_anchored_state_materials" name="test_pi0_exactly_restores_every_old_alpha0_coefficient_and_original_package" time="1.581" /><testcase classname="tests.test_qa_vnext_anchored_state_materials" name="test_event_callback_cannot_change_validated_private_input_snapshot" time="1.715" /><testcase classname="tests.test_qa_vnext_anchored_state_materials" name="test_changed_state_weights_cannot_be_smuggled_into_unmodified_old_kernel" time="0.309" /><testcase classname="tests.test_qa_vnext_anchored_state_materials" name="test_updated_float_probabilities_keep_actual_residual_without_normalization" time="0.354" /><testcase classname="tests.test_qa_vnext_anchored_state_materials" name="test_original_physical_kernel_and_state_coefficient_cannot_change[drop_package]" time="0.357" /><testcase classname="tests.test_qa_vnext_anchored_state_materials" name="test_original_physical_kernel_and_state_coefficient_cannot_change[reorder_packages]" time="0.501" /><testcase classname="tests.test_qa_vnext_anchored_state_materials" name="test_original_physical_kernel_and_state_coefficient_cannot_change[retokenize]" time="0.375" /><testcase classname="tests.test_qa_vnext_anchored_state_materials" name="test_original_physical_kernel_and_state_coefficient_cannot_change[reorder_rows]" time="0.382" /><testcase classname="tests.test_qa_vnext_anchored_state_materials" name="test_original_physical_kernel_and_state_coefficient_cannot_change[delete_row]" time="0.575" /><testcase classname="tests.test_qa_vnext_anchored_state_materials" name="test_original_physical_kernel_and_state_coefficient_cannot_change[wrong_pool]" time="0.526" /><testcase classname="tests.test_qa_vnext_anchored_state_materials" name="test_original_physical_kernel_and_state_coefficient_cannot_change[heldout]" time="0.370" /><testcase classname="tests.test_qa_vnext_anchored_state_materials" name="test_original_physical_kernel_and_state_coefficient_cannot_change[wrong_state_n]" time="0.564" /><testcase classname="tests.test_qa_vnext_anchored_state_materials" name="test_original_physical_kernel_and_state_coefficient_cannot_change[extra_divisor]" time="0.374" /><testcase classname="tests.test_qa_vnext_anchored_state_materials" name="test_full_64_original_package_step_matches_independent_token_package_state_task_reduction[True]" time="0.542" /><testcase classname="tests.test_qa_vnext_anchored_state_materials" name="test_full_64_original_package_step_matches_independent_token_package_state_task_reduction[False]" time="0.752" /><testcase classname="tests.test_qa_vnext_anchored_state_materials" name="test_nonfinite_loss_and_failed_sink_cannot_step_optimizer" time="0.421" /><testcase classname="tests.test_qa_vnext_anchored_state_materials" name="test_state_shift_control_has_a_nonzero_objective_change_not_identical_toy_rows" time="0.348" /><testcase classname="tests.test_qa_vnext_anchored_state_materials" name="test_real_GPU_path_remains_explicitly_unvalidated_and_unexecuted" time="0.407" /><testcase classname="tests.test_qa_vnext_anchored_study" name="test_new_comparison_is_fixed_full_algorithm_not_three_point_selection" time="0.001" /><testcase classname="tests.test_qa_vnext_anchored_study" name="test_two_real_CPU_boundaries_and_optimizer_state" time="55.388" /><testcase classname="tests.test_qa_vnext_anchored_study" name="test_round_has_actual_current_point_probabilities_C_and_anchors" time="0.001" /><testcase classname="tests.test_qa_vnext_anchored_study" name="test_first_common_random_round_then_novelty_changes_second_update" time="0.001" /><testcase classname="tests.test_qa_vnext_anchored_study" name="test_static_baseline_has_no_feedback_and_controls_stay_at_prior" time="0.001" /><testcase classname="tests.test_qa_vnext_anchored_study" name="test_missing_fixed_package_stops_before_feedback" time="0.308" /><testcase classname="tests.test_qa_vnext_anchored_study" name="test_virtual_buffers_are_bound_in_probability_point" time="0.001" /><testcase classname="tests.test_qa_vnext_anchored_study" name="test_C_only_strength_not_renormalized_and_prior_not_optimized" time="0.001" /><testcase classname="tests.test_qa_vnext_anchored_study" name="test_same_package_ID_cannot_authorize_modified_content_or_state[rows]" time="0.545" /><testcase classname="tests.test_qa_vnext_anchored_study" name="test_same_package_ID_cannot_authorize_modified_content_or_state[state]" time="0.649" /><testcase classname="tests.test_qa_vnext_anchored_study" name="test_callbacks_cannot_mutate_fixed_distribution_or_fake_training[loader_pi]" time="0.999" /><testcase classname="tests.test_qa_vnext_anchored_study" name="test_callbacks_cannot_mutate_fixed_distribution_or_fake_training[training_pi]" time="1.179" /><testcase classname="tests.test_qa_vnext_anchored_study" name="test_callbacks_cannot_mutate_fixed_distribution_or_fake_training[external_prior]" time="1.320" /><testcase classname="tests.test_qa_vnext_anchored_study" name="test_callbacks_cannot_mutate_fixed_distribution_or_fake_training[fake_step]" time="1.304" /><testcase classname="tests.test_qa_vnext_anchored_study" name="test_static_branch_also_has_hard_CPU_gate" time="0.306" /><testcase classname="tests.test_qa_vnext_anchored_study" name="test_record_detaches_nested_mutable_inputs_and_old_rounds" time="0.279" /><testcase classname="tests.test_qa_vnext_anchored_vtdo_distribution" name="test_first_round_zero_novelty_matches_C_only_without_reweighting_C" time="0.001" /><testcase classname="tests.test_qa_vnext_anchored_vtdo_distribution" name="test_mu_scaled_RMS_uses_only_optimization_tasks_and_normalizes_their_mass" time="0.001" /><testcase classname="tests.test_qa_vnext_anchored_vtdo_distribution" name="test_all_zero_empirical_proxy_has_fixed_floor_and_uninformative_diagnostic" time="0.001" /><testcase classname="tests.test_qa_vnext_anchored_vtdo_distribution" name="test_exact_update_matches_independent_torch_softmax_and_reports_both_KLs" time="0.001" /><testcase classname="tests.test_qa_vnext_anchored_vtdo_distribution" name="test_frozen_potential_solution_maximizes_dual_KL_objective" time="0.001" /><testcase classname="tests.test_qa_vnext_anchored_vtdo_distribution" name="test_preserved_synthetic_small_epsilon_novelty_reversal_counterexample" time="0.001" /><testcase classname="tests.test_qa_vnext_anchored_vtdo_distribution" name="test_registered_parameters_avoid_that_specific_two_round_reversal_only" time="0.001" /><testcase classname="tests.test_qa_vnext_anchored_vtdo_distribution" name="test_no_probability_clipping_to_rescue_softmax_underflow" time="0.001" /><testcase classname="tests.test_qa_vnext_anchored_vtdo_distribution" name="test_control_distribution_cannot_drift_from_its_original_prior" time="0.001" /><testcase classname="tests.test_qa_vnext_anchored_vtdo_distribution" name="test_noninterior_or_nonfinite_mass_is_not_repaired[0]" time="0.001" /><testcase classname="tests.test_qa_vnext_anchored_vtdo_distribution" name="test_noninterior_or_nonfinite_mass_is_not_repaired[-0.1]" time="0.001" /><testcase classname="tests.test_qa_vnext_anchored_vtdo_distribution" name="test_noninterior_or_nonfinite_mass_is_not_repaired[nan]" time="0.001" /><testcase classname="tests.test_qa_vnext_anchored_vtdo_distribution" name="test_noninterior_or_nonfinite_mass_is_not_repaired[inf]" time="0.001" /><testcase classname="tests.test_qa_vnext_anchored_vtdo_distribution" name="test_uncentered_contribution_is_rejected" time="0.001" /><testcase classname="tests.test_qa_vnext_anchored_vtdo_distribution" name="test_temperature_floor_is_on_C_over_mu_not_each_T_C_independently" time="0.001" /><testcase classname="tests.test_qa_vnext_anchored_vtdo_optimizer_pullback" name="test_virtual_step_matches_actual_torch_AdamW_without_mutating_real_state[False-False-0.4-dtype0]" time="0.005" /><testcase classname="tests.test_qa_vnext_anchored_vtdo_optimizer_pullback" name="test_virtual_step_matches_actual_torch_AdamW_without_mutating_real_state[False-False-0.4-dtype1]" time="0.004" /><testcase classname="tests.test_qa_vnext_anchored_vtdo_optimizer_pullback" name="test_virtual_step_matches_actual_torch_AdamW_without_mutating_real_state[False-False-2.0-dtype0]" time="0.004" /><testcase classname="tests.test_qa_vnext_anchored_vtdo_optimizer_pullback" name="test_virtual_step_matches_actual_torch_AdamW_without_mutating_real_state[False-False-2.0-dtype1]" time="0.004" /><testcase classname="tests.test_qa_vnext_anchored_vtdo_optimizer_pullback" name="test_virtual_step_matches_actual_torch_AdamW_without_mutating_real_state[False-False-None-dtype0]" time="0.004" /><testcase classname="tests.test_qa_vnext_anchored_vtdo_optimizer_pullback" name="test_virtual_step_matches_actual_torch_AdamW_without_mutating_real_state[False-False-None-dtype1]" time="0.004" /><testcase classname="tests.test_qa_vnext_anchored_vtdo_optimizer_pullback" name="test_virtual_step_matches_actual_torch_AdamW_without_mutating_real_state[False-True-0.4-dtype0]" time="0.004" /><testcase classname="tests.test_qa_vnext_anchored_vtdo_optimizer_pullback" name="test_virtual_step_matches_actual_torch_AdamW_without_mutating_real_state[False-True-0.4-dtype1]" time="0.004" /><testcase classname="tests.test_qa_vnext_anchored_vtdo_optimizer_pullback" name="test_virtual_step_matches_actual_torch_AdamW_without_mutating_real_state[False-True-2.0-dtype0]" time="0.004" /><testcase classname="tests.test_qa_vnext_anchored_vtdo_optimizer_pullback" name="test_virtual_step_matches_actual_torch_AdamW_without_mutating_real_state[False-True-2.0-dtype1]" time="0.004" /><testcase classname="tests.test_qa_vnext_anchored_vtdo_optimizer_pullback" name="test_virtual_step_matches_actual_torch_AdamW_without_mutating_real_state[False-True-None-dtype0]" time="0.004" /><testcase classname="tests.test_qa_vnext_anchored_vtdo_optimizer_pullback" name="test_virtual_step_matches_actual_torch_AdamW_without_mutating_real_state[False-True-None-dtype1]" time="0.004" /><testcase classname="tests.test_qa_vnext_anchored_vtdo_optimizer_pullback" name="test_virtual_step_matches_actual_torch_AdamW_without_mutating_real_state[True-False-0.4-dtype0]" time="0.005" /><testcase classname="tests.test_qa_vnext_anchored_vtdo_optimizer_pullback" name="test_virtual_step_matches_actual_torch_AdamW_without_mutating_real_state[True-False-0.4-dtype1]" time="0.004" /><testcase classname="tests.test_qa_vnext_anchored_vtdo_optimizer_pullback" name="test_virtual_step_matches_actual_torch_AdamW_without_mutating_real_state[True-False-2.0-dtype0]" time="0.004" /><testcase classname="tests.test_qa_vnext_anchored_vtdo_optimizer_pullback" name="test_virtual_step_matches_actual_torch_AdamW_without_mutating_real_state[True-False-2.0-dtype1]" time="0.004" /><testcase classname="tests.test_qa_vnext_anchored_vtdo_optimizer_pullback" name="test_virtual_step_matches_actual_torch_AdamW_without_mutating_real_state[True-False-None-dtype0]" time="0.004" /><testcase classname="tests.test_qa_vnext_anchored_vtdo_optimizer_pullback" name="test_virtual_step_matches_actual_torch_AdamW_without_mutating_real_state[True-False-None-dtype1]" time="0.004" /><testcase classname="tests.test_qa_vnext_anchored_vtdo_optimizer_pullback" name="test_virtual_step_matches_actual_torch_AdamW_without_mutating_real_state[True-True-0.4-dtype0]" time="0.005" /><testcase classname="tests.test_qa_vnext_anchored_vtdo_optimizer_pullback" name="test_virtual_step_matches_actual_torch_AdamW_without_mutating_real_state[True-True-0.4-dtype1]" time="0.004" /><testcase classname="tests.test_qa_vnext_anchored_vtdo_optimizer_pullback" name="test_virtual_step_matches_actual_torch_AdamW_without_mutating_real_state[True-True-2.0-dtype0]" time="0.004" /><testcase classname="tests.test_qa_vnext_anchored_vtdo_optimizer_pullback" name="test_virtual_step_matches_actual_torch_AdamW_without_mutating_real_state[True-True-2.0-dtype1]" time="0.004" /><testcase classname="tests.test_qa_vnext_anchored_vtdo_optimizer_pullback" name="test_virtual_step_matches_actual_torch_AdamW_without_mutating_real_state[True-True-None-dtype0]" time="0.004" /><testcase classname="tests.test_qa_vnext_anchored_vtdo_optimizer_pullback" name="test_virtual_step_matches_actual_torch_AdamW_without_mutating_real_state[True-True-None-dtype1]" time="0.004" /><testcase classname="tests.test_qa_vnext_anchored_vtdo_optimizer_pullback" name="test_population_pullback_matches_directional_finite_differences[False-0.4-dtype0]" time="0.006" /><testcase classname="tests.test_qa_vnext_anchored_vtdo_optimizer_pullback" name="test_population_pullback_matches_directional_finite_differences[False-0.4-dtype1]" time="0.006" /><testcase classname="tests.test_qa_vnext_anchored_vtdo_optimizer_pullback" name="test_population_pullback_matches_directional_finite_differences[False-2.0-dtype0]" time="0.006" /><testcase classname="tests.test_qa_vnext_anchored_vtdo_optimizer_pullback" name="test_population_pullback_matches_directional_finite_differences[False-2.0-dtype1]" time="0.006" /><testcase classname="tests.test_qa_vnext_anchored_vtdo_optimizer_pullback" name="test_population_pullback_matches_directional_finite_differences[True-0.4-dtype0]" time="0.006" /><testcase classname="tests.test_qa_vnext_anchored_vtdo_optimizer_pullback" name="test_population_pullback_matches_directional_finite_differences[True-0.4-dtype1]" time="0.006" /><testcase classname="tests.test_qa_vnext_anchored_vtdo_optimizer_pullback" name="test_population_pullback_matches_directional_finite_differences[True-2.0-dtype0]" time="0.006" /><testcase classname="tests.test_qa_vnext_anchored_vtdo_optimizer_pullback" name="test_population_pullback_matches_directional_finite_differences[True-2.0-dtype1]" time="0.006" /><testcase classname="tests.test_qa_vnext_anchored_vtdo_optimizer_pullback" name="test_utility_gradient_is_formed_at_virtual_theta_before_negative_pullback" time="0.007" /><testcase classname="tests.test_qa_vnext_anchored_vtdo_optimizer_pullback" name="test_lazy_zero_moments_and_zero_gradient_have_correct_differentiable_limit[dtype0]" time="0.003" /><testcase classname="tests.test_qa_vnext_anchored_vtdo_optimizer_pullback" name="test_lazy_zero_moments_and_zero_gradient_have_correct_differentiable_limit[dtype1]" time="0.003" /><testcase classname="tests.test_qa_vnext_anchored_vtdo_optimizer_pullback" name="test_zero_second_moment_with_nonzero_first_moment_is_rejected" time="0.003" /><testcase classname="tests.test_qa_vnext_anchored_vtdo_optimizer_pullback" name="test_float32_population_norm_underflow_is_explicitly_rejected" time="0.002" /><testcase classname="tests.test_qa_vnext_anchored_vtdo_optimizer_pullback" name="test_exact_PyTorch_clip_kink_is_rejected[dtype0]" time="0.001" /><testcase classname="tests.test_qa_vnext_anchored_vtdo_optimizer_pullback" name="test_exact_PyTorch_clip_kink_is_rejected[dtype1]" time="0.001" /><testcase classname="tests.test_qa_vnext_anchored_vtdo_optimizer_pullback" name="test_stale_actual_optimizer_binding_is_rejected[theta]" time="0.002" /><testcase classname="tests.test_qa_vnext_anchored_vtdo_optimizer_pullback" name="test_stale_actual_optimizer_binding_is_rejected[moments]" time="0.002" /><testcase classname="tests.test_qa_vnext_anchored_vtdo_optimizer_pullback" name="test_stale_actual_optimizer_binding_is_rejected[step]" time="0.002" /><testcase classname="tests.test_qa_vnext_anchored_vtdo_optimizer_pullback" name="test_stale_actual_optimizer_binding_is_rejected[config]" time="0.002" /><testcase classname="tests.test_qa_vnext_anchored_vtdo_optimizer_pullback" name="test_population_G_includes_controls_and_is_not_average_of_state_updates" time="0.004" /><testcase classname="tests.test_qa_vnext_anchored_vtdo_optimizer_pullback" name="test_zero_gradient_inside_active_tiny_clip_has_correct_derivative_limit[dtype0]" time="0.003" /><testcase classname="tests.test_qa_vnext_anchored_vtdo_optimizer_pullback" name="test_zero_gradient_inside_active_tiny_clip_has_correct_derivative_limit[dtype1]" time="0.003" /><testcase classname="tests.test_qa_vnext_anchored_vtdo_optimizer_pullback" name="test_underflowed_second_moment_coordinate_even_with_nonzero_global_norm_is_rejected" time="0.002" /><testcase classname="tests.test_qa_vnext_anchored_vtdo_optimizer_pullback" name="test_float32_step_counter_that_cannot_advance_is_rejected" time="0.002" /><testcase classname="tests.test_qa_vnext_anchored_vtdo_optimizer_pullback" name="test_internal_binding_snapshot_tampering_is_rejected[tensor]" time="0.002" /><testcase classname="tests.test_qa_vnext_anchored_vtdo_optimizer_pullback" name="test_internal_binding_snapshot_tampering_is_rejected[metadata]" time="0.002" /><testcase classname="tests.test_qa_vnext_anchored_vtdo_optimizer_pullback" name="test_population_accepts_exact_Fraction_strings_without_changing_inputs" time="0.001" /><testcase classname="tests.test_qa_vnext_anchored_vtdo_optimizer_pullback" name="test_preexisting_real_grad_buffers_remain_bitwise_unchanged" time="0.004" /></testsuite></testsuites>