<?xml version="1.0" encoding="utf-8"?><testsuites name="pytest tests"><testsuite name="pytest" errors="0" failures="0" skipped="0" tests="39" time="19.859" timestamp="2026-09-06T12:59:00.442826+08:00" hostname="lyg0310"><testcase classname="tests.test_qa_vnext_online_prepared_roundtrip" name="test_real_prepare_readback_handles_registry_tuples_and_rejects_bool_int_tamper" time="12.868" /><testcase classname="tests.test_qa_vnext_online_plan" name="test_panel_is_three_exact_existing_contexts_with_three_five_three_coverage" time="0.914" /><testcase classname="tests.test_qa_vnext_online_plan" name="test_panel_does_not_invent_an_extra_task_group[]" time="0.001" /><testcase classname="tests.test_qa_vnext_online_plan" name="test_panel_does_not_invent_an_extra_task_group[D]" time="0.001" /><testcase classname="tests.test_qa_vnext_online_plan" name="test_panel_does_not_invent_an_extra_task_group[S01]" time="0.001" /><testcase classname="tests.test_qa_vnext_online_plan" name="test_condition_preregisters_twelve_sessions_in_four_fixed_cbs_rounds" time="1.225" /><testcase classname="tests.test_qa_vnext_online_plan" name="test_condition_budgets_include_final_and_match_the_single_transport_configuration" time="0.576" /><testcase classname="tests.test_qa_vnext_online_plan" name="test_plan_preserves_unknown_not_started_and_neutral_share_without_claiming_model_success" time="0.568" /><testcase classname="tests.test_qa_vnext_online_plan" name="test_identical_freeze_inputs_are_deterministic_and_run_tag_changes_all_session_ids" time="1.728" /><testcase classname="tests.test_qa_vnext_online_plan" name="test_invalid_run_tag_does_not_create_a_condition[]" time="0.002" /><testcase classname="tests.test_qa_vnext_online_plan" name="test_invalid_run_tag_does_not_create_a_condition[a/b]" time="0.001" /><testcase classname="tests.test_qa_vnext_online_plan" name="test_invalid_run_tag_does_not_create_a_condition[/absolute]" time="0.001" /><testcase classname="tests.test_qa_vnext_online_plan" name="test_changed_teacher_prompt_or_budget_cannot_borrow_the_fixed_condition[max_tokens-16384]" time="0.001" /><testcase classname="tests.test_qa_vnext_online_plan" name="test_changed_teacher_prompt_or_budget_cannot_borrow_the_fixed_condition[maximum_input_tokens-200000]" time="0.001" /><testcase classname="tests.test_qa_vnext_online_plan" name="test_changed_teacher_prompt_or_budget_cannot_borrow_the_fixed_condition[system_prompt-Always choose reconstructed_total.]" time="0.001" /><testcase classname="tests.test_qa_vnext_online_plan" name="test_changed_teacher_prompt_or_budget_cannot_borrow_the_fixed_condition[automatic_retries-1]" time="0.001" /><testcase classname="tests.test_qa_vnext_online_plan" name="test_freeze_rejects_modified_record_content_with_an_unrecomputed_id[config]" time="0.001" /><testcase classname="tests.test_qa_vnext_online_plan" name="test_freeze_rejects_modified_record_content_with_an_unrecomputed_id[implementation]" time="0.001" /><testcase classname="tests.test_qa_vnext_online_plan" name="test_baseline_report_cannot_change_content_while_retaining_the_old_id" time="0.597" /><testcase classname="tests.test_qa_vnext_online_plan" name="test_branch_cannot_be_replaced_with_another_source_case" time="0.595" /><testcase classname="tests.test_qa_vnext_online_plan" name="test_source_snapshot_checks_all_python_files_against_one_archive_without_extracting" time="0.004" /><testcase classname="tests.test_qa_vnext_online_plan" name="test_dirty_python_content_or_new_uncommitted_module_prevents_source_freeze[changed]" time="0.002" /><testcase classname="tests.test_qa_vnext_online_plan" name="test_dirty_python_content_or_new_uncommitted_module_prevents_source_freeze[extra]" time="0.002" /><testcase classname="tests.test_qa_vnext_online_plan" name="test_postfreeze_source_changes_are_rejected[changed]" time="0.002" /><testcase classname="tests.test_qa_vnext_online_plan" name="test_postfreeze_source_changes_are_rejected[extra]" time="0.003" /><testcase classname="tests.test_qa_vnext_online_plan" name="test_postfreeze_source_changes_are_rejected[missing]" time="0.002" /><testcase classname="tests.test_qa_vnext_online_plan" name="test_source_member_path_cannot_escape_repository" time="0.002" /><testcase classname="tests.test_qa_vnext_online_plan" name="test_source_snapshot_identity_cannot_be_silently_changed" time="0.002" /><testcase classname="tests.test_qa_vnext_online_plan" name="test_sealed_directory_has_exact_sorted_members_hashes_and_no_self_member" time="0.005" /><testcase classname="tests.test_qa_vnext_online_plan" name="test_manifest_and_member_tampering_is_rejected[bytes]" time="0.004" /><testcase classname="tests.test_qa_vnext_online_plan" name="test_manifest_and_member_tampering_is_rejected[extra]" time="0.004" /><testcase classname="tests.test_qa_vnext_online_plan" name="test_manifest_and_member_tampering_is_rejected[missing]" time="0.004" /><testcase classname="tests.test_qa_vnext_online_plan" name="test_manifest_and_member_tampering_is_rejected[duplicate]" time="0.004" /><testcase classname="tests.test_qa_vnext_online_plan" name="test_manifest_and_member_tampering_is_rejected[identity]" time="0.003" /><testcase classname="tests.test_qa_vnext_online_plan" name="test_manifest_and_member_tampering_is_rejected[noncanonical]" time="0.004" /><testcase classname="tests.test_qa_vnext_online_plan" name="test_manifest_and_member_tampering_is_rejected[self_exclusion]" time="0.004" /><testcase classname="tests.test_qa_vnext_online_plan" name="test_manifest_or_member_symlinks_are_rejected[manifest.json]" time="0.003" /><testcase classname="tests.test_qa_vnext_online_plan" name="test_manifest_or_member_symlinks_are_rejected[condition.json]" time="0.004" /><testcase classname="tests.test_qa_vnext_online_plan" name="test_directory_cannot_be_resealed_over_an_existing_manifest" time="0.019" /></testsuite></testsuites>