<?xml version="1.0" encoding="utf-8"?><testsuites name="pytest tests"><testsuite name="pytest" errors="0" failures="0" skipped="0" tests="21" time="41.747" timestamp="2026-09-06T12:45:25.196871+08:00" hostname="lyg0310"><testcase classname="tests.test_qa_vnext_online_runner" name="test_known_observed_failure_continues_all_registered_future_rounds" time="28.507" /><testcase classname="tests.test_qa_vnext_online_runner" name="test_missing_evidence_is_unknown_and_halts_future_rounds_without_failure_imputation" time="8.323" /><testcase classname="tests.test_qa_vnext_online_qualification" name="test_exact_http_bytes_are_linked_to_every_runtime_submission" time="0.397" /><testcase classname="tests.test_qa_vnext_online_qualification" name="test_mock_transport_cannot_become_model_evidence_from_response_model_field" time="0.277" /><testcase classname="tests.test_qa_vnext_online_qualification" name="test_complete_observed_failure_is_not_unknown[timeout]" time="0.175" /><testcase classname="tests.test_qa_vnext_online_qualification" name="test_complete_observed_failure_is_not_unknown[no_response]" time="0.099" /><testcase classname="tests.test_qa_vnext_online_qualification" name="test_complete_observed_failure_is_not_unknown[partial_timeout]" time="0.099" /><testcase classname="tests.test_qa_vnext_online_qualification" name="test_complete_observed_failure_is_not_unknown[wrong_model]" time="0.099" /><testcase classname="tests.test_qa_vnext_online_qualification" name="test_missing_observed_response_remains_unknown_not_zero_success" time="0.401" /><testcase classname="tests.test_qa_vnext_online_qualification" name="test_explicit_not_started_and_missing_start_evidence_are_distinct" time="0.022" /><testcase classname="tests.test_qa_vnext_online_qualification" name="test_started_without_session_preserves_only_verified_start_fact[valid]" time="0.015" /><testcase classname="tests.test_qa_vnext_online_qualification" name="test_started_without_session_preserves_only_verified_start_fact[bad_identity]" time="0.015" /><testcase classname="tests.test_qa_vnext_online_qualification" name="test_started_without_session_preserves_only_verified_start_fact[wrong_parent]" time="0.015" /><testcase classname="tests.test_qa_vnext_online_qualification" name="test_budget_exhaustion_and_presend_input_resource_stop_keep_prefix_depth" time="0.346" /><testcase classname="tests.test_qa_vnext_online_qualification" name="test_qualified_corrected_session_stays_exportable_when_projection_is_unknown" time="0.349" /><testcase classname="tests.test_qa_vnext_online_qualification" name="test_complete_condition_violation_is_separate_from_task_qa_failure" time="0.280" /><testcase classname="tests.test_qa_vnext_online_qualification" name="test_future_state_http_messages_cannot_replace_actual_runtime_condition" time="0.424" /><testcase classname="tests.test_qa_vnext_online_qualification" name="test_old_protocol_registration_does_not_borrow_current_qa_result" time="0.282" /><testcase classname="tests.test_qa_vnext_online_qualification" name="test_resealed_transport_cannot_hide_attempts_or_reverse_reservation_order[unreserved_send]" time="0.451" /><testcase classname="tests.test_qa_vnext_online_qualification" name="test_resealed_transport_cannot_hide_attempts_or_reverse_reservation_order[send_before_reservation]" time="0.447" /><testcase classname="tests.test_qa_vnext_online_qualification" name="test_not_started_does_not_erase_an_already_observed_resource_stop" time="0.015" /></testsuite></testsuites>