<?xml version="1.0" encoding="utf-8"?><testsuites name="pytest tests"><testsuite name="pytest" errors="0" failures="0" skipped="0" tests="130" time="11.578" timestamp="2026-09-13T19:10:31.187142+08:00" hostname="lyg0310"><testcase classname="tests.test_qa_vnext_probe_coverage_core" name="test_policy_bounds_no_training" time="0.002" /><testcase classname="tests.test_qa_vnext_probe_coverage_core" name="test_baseline_exact_old_public_prompt_and_wire_body[endpoint]" time="0.000" /><testcase classname="tests.test_qa_vnext_probe_coverage_core" name="test_baseline_exact_old_public_prompt_and_wire_body[movement]" time="0.000" /><testcase classname="tests.test_qa_vnext_probe_coverage_core" name="test_selection_does_not_use_success_and_matrix_types_are_fixed" time="0.011" /><testcase classname="tests.test_qa_vnext_probe_coverage_core" name="test_method_is_not_requested_guidance_or_profile[difference-endpoint-endpoint-P0_original]" time="0.266" /><testcase classname="tests.test_qa_vnext_probe_coverage_core" name="test_method_is_not_requested_guidance_or_profile[difference-endpoint-endpoint-P1_delivery]" time="0.013" /><testcase classname="tests.test_qa_vnext_probe_coverage_core" name="test_method_is_not_requested_guidance_or_profile[difference-endpoint-endpoint-P2_method_delivery]" time="0.013" /><testcase classname="tests.test_qa_vnext_probe_coverage_core" name="test_method_is_not_requested_guidance_or_profile[difference-endpoint-movement-P0_original]" time="0.013" /><testcase classname="tests.test_qa_vnext_probe_coverage_core" name="test_method_is_not_requested_guidance_or_profile[difference-endpoint-movement-P1_delivery]" time="0.014" /><testcase classname="tests.test_qa_vnext_probe_coverage_core" name="test_method_is_not_requested_guidance_or_profile[difference-endpoint-movement-P2_method_delivery]" time="0.014" /><testcase classname="tests.test_qa_vnext_probe_coverage_core" name="test_method_is_not_requested_guidance_or_profile[difference-movement-endpoint-P0_original]" time="0.020" /><testcase classname="tests.test_qa_vnext_probe_coverage_core" name="test_method_is_not_requested_guidance_or_profile[difference-movement-endpoint-P1_delivery]" time="0.018" /><testcase classname="tests.test_qa_vnext_probe_coverage_core" name="test_method_is_not_requested_guidance_or_profile[difference-movement-endpoint-P2_method_delivery]" time="0.018" /><testcase classname="tests.test_qa_vnext_probe_coverage_core" name="test_method_is_not_requested_guidance_or_profile[difference-movement-movement-P0_original]" time="0.018" /><testcase classname="tests.test_qa_vnext_probe_coverage_core" name="test_method_is_not_requested_guidance_or_profile[difference-movement-movement-P1_delivery]" time="0.018" /><testcase classname="tests.test_qa_vnext_probe_coverage_core" name="test_method_is_not_requested_guidance_or_profile[difference-movement-movement-P2_method_delivery]" time="0.019" /><testcase classname="tests.test_qa_vnext_probe_coverage_core" name="test_method_is_not_requested_guidance_or_profile[relative_change-endpoint-endpoint-P0_original]" time="0.027" /><testcase classname="tests.test_qa_vnext_probe_coverage_core" name="test_method_is_not_requested_guidance_or_profile[relative_change-endpoint-endpoint-P1_delivery]" time="0.022" /><testcase classname="tests.test_qa_vnext_probe_coverage_core" name="test_method_is_not_requested_guidance_or_profile[relative_change-endpoint-endpoint-P2_method_delivery]" time="0.022" /><testcase classname="tests.test_qa_vnext_probe_coverage_core" name="test_method_is_not_requested_guidance_or_profile[relative_change-endpoint-movement-P0_original]" time="0.021" /><testcase classname="tests.test_qa_vnext_probe_coverage_core" name="test_method_is_not_requested_guidance_or_profile[relative_change-endpoint-movement-P1_delivery]" time="0.022" /><testcase classname="tests.test_qa_vnext_probe_coverage_core" name="test_method_is_not_requested_guidance_or_profile[relative_change-endpoint-movement-P2_method_delivery]" time="0.022" /><testcase classname="tests.test_qa_vnext_probe_coverage_core" name="test_method_is_not_requested_guidance_or_profile[relative_change-movement-endpoint-P0_original]" time="0.037" /><testcase classname="tests.test_qa_vnext_probe_coverage_core" name="test_method_is_not_requested_guidance_or_profile[relative_change-movement-endpoint-P1_delivery]" time="0.035" /><testcase classname="tests.test_qa_vnext_probe_coverage_core" name="test_method_is_not_requested_guidance_or_profile[relative_change-movement-endpoint-P2_method_delivery]" time="0.035" /><testcase classname="tests.test_qa_vnext_probe_coverage_core" name="test_method_is_not_requested_guidance_or_profile[relative_change-movement-movement-P0_original]" time="0.034" /><testcase classname="tests.test_qa_vnext_probe_coverage_core" name="test_method_is_not_requested_guidance_or_profile[relative_change-movement-movement-P1_delivery]" time="0.035" /><testcase classname="tests.test_qa_vnext_probe_coverage_core" name="test_method_is_not_requested_guidance_or_profile[relative_change-movement-movement-P2_method_delivery]" time="0.035" /><testcase classname="tests.test_qa_vnext_probe_coverage_core" name="test_baseline_tool_feedback_and_first_Final_rules_unchanged" time="0.004" /><testcase classname="tests.test_qa_vnext_probe_coverage_core" name="test_fatal_replay_and_parallel_profiles_do_not_patch_legacy" time="0.004" /><testcase classname="tests.test_qa_vnext_probe_coverage_core" name="test_old_wallet_logical_rows_unchanged_and_registration_once" time="0.027" /><testcase classname="tests.test_qa_vnext_probe_coverage_core" name="test_same_session_reservation_and_send_are_atomic" time="0.039" /><testcase classname="tests.test_qa_vnext_probe_coverage_core" name="test_unknown_cost_held_and_failed_session_not_retried[None]" time="0.024" /><testcase classname="tests.test_qa_vnext_probe_coverage_core" name="test_unknown_cost_held_and_failed_session_not_retried[usage1]" time="0.024" /><testcase classname="tests.test_qa_vnext_probe_coverage_core" name="test_unknown_cost_held_and_failed_session_not_retried[usage2]" time="0.024" /><testcase classname="tests.test_qa_vnext_probe_coverage_core" name="test_unknown_cost_held_and_failed_session_not_retried[usage3]" time="0.024" /><testcase classname="tests.test_qa_vnext_probe_coverage_core" name="test_old_purpose_sees_probe_debit[reservations]" time="0.018" /><testcase classname="tests.test_qa_vnext_probe_coverage_core" name="test_old_purpose_sees_probe_debit[teacher_reservations]" time="0.018" /><testcase classname="tests.test_qa_vnext_probe_coverage_core" name="test_old_purpose_sees_probe_debit[eval_reservations]" time="0.018" /><testcase classname="tests.test_qa_vnext_probe_coverage_core" name="test_probe_subcap_and_known_unused_release" time="0.023" /><testcase classname="tests.test_qa_vnext_probe_coverage_core" name="test_HTTP200_unknown_halts_common_but_inflight_can_settle" time="0.028" /><testcase classname="tests.test_qa_vnext_probe_coverage_core" name="test_breach_not_refunded_and_global_stop[prompt_tokens]" time="0.022" /><testcase classname="tests.test_qa_vnext_probe_coverage_core" name="test_breach_not_refunded_and_global_stop[completion_tokens]" time="0.022" /><testcase classname="tests.test_qa_vnext_probe_coverage_core" name="test_frozen_registry_and_request_history_cannot_be_rewritten" time="0.023" /><testcase classname="tests.test_qa_vnext_probe_coverage_core" name="test_mock_callback_is_not_authentic_and_private_reasoning_not_saved" time="0.055" /><testcase classname="tests.test_qa_vnext_probe_coverage_core" name="test_origin_verifier_mocked_HTTP_constructor_unit_boundary" time="0.055" /><testcase classname="tests.test_qa_vnext_probe_coverage_core" name="test_fixed_request_auth_billing_error_stops_batch[400]" time="0.025" /><testcase classname="tests.test_qa_vnext_probe_coverage_core" name="test_fixed_request_auth_billing_error_stops_batch[401]" time="0.025" /><testcase classname="tests.test_qa_vnext_probe_coverage_core" name="test_fixed_request_auth_billing_error_stops_batch[402]" time="0.025" /><testcase classname="tests.test_qa_vnext_probe_coverage_core" name="test_fixed_request_auth_billing_error_stops_batch[403]" time="0.025" /><testcase classname="tests.test_qa_vnext_probe_coverage_core" name="test_empty_content_keeps_known_charge_without_retry" time="0.025" /><testcase classname="tests.test_qa_vnext_probe_coverage_core" name="test_incomplete_registry_never_constructs_tokenizer" time="0.000" /><testcase classname="tests.test_qa_vnext_probe_coverage_analysis" name="test_complete_matrix_counts_methods_not_guidance_and_is_not_training" time="2.987" /><testcase classname="tests.test_qa_vnext_probe_coverage_analysis" name="test_missing_and_reordered_rollouts_rejected" time="0.000" /><testcase classname="tests.test_qa_vnext_probe_coverage_analysis" name="test_unrequested_remains_full_denominator_not_fabricated_zero_response" time="0.221" /><testcase classname="tests.test_qa_vnext_probe_coverage_analysis" name="test_token_error_retains_whole_package_and_does_not_truncate" time="0.003" /><testcase classname="tests.test_qa_vnext_probe_coverage_analysis" name="test_serialized_scripted_control_checks_opposite_guidance_not_only_desired_state" time="0.016" /><testcase classname="tests.test_qa_vnext_probe_coverage_analysis" name="test_admission_root_isolation_before_any_write[same_root]" time="0.001" /><testcase classname="tests.test_qa_vnext_probe_coverage_analysis" name="test_admission_root_isolation_before_any_write[main_moved]" time="0.001" /><testcase classname="tests.test_qa_vnext_probe_coverage_analysis" name="test_admission_root_isolation_before_any_write[wrong_branch]" time="0.001" /><testcase classname="tests.test_qa_vnext_probe_coverage_analysis" name="test_admission_root_isolation_before_any_write[different_repository]" time="0.001" /><testcase classname="tests.test_qa_vnext_probe_coverage_analysis" name="test_code_freeze_includes_new_source_and_tests" time="0.004" /><testcase classname="tests.test_qa_vnext_probe_coverage_publish" name="test_exact_sorted_archive_and_originals_retained" time="0.004" /><testcase classname="tests.test_qa_vnext_probe_coverage_publish" name="test_unsorted_or_duplicate_members_are_rejected" time="0.002" /><testcase classname="tests.test_qa_vnext_probe_coverage_publish" name="test_no_wallet_or_runtime_in_direct_publication" time="0.000" /><testcase classname="tests.test_qa_vnext_catalog_bridge_worker" name="test_four_groups_quantities_and_surfaces[accepted_true_rewrite-difference-annual_flow]" time="0.023" /><testcase classname="tests.test_qa_vnext_catalog_bridge_worker" name="test_four_groups_quantities_and_surfaces[accepted_true_rewrite-difference-stock_rollforward]" time="0.022" /><testcase classname="tests.test_qa_vnext_catalog_bridge_worker" name="test_four_groups_quantities_and_surfaces[accepted_true_rewrite-difference-company_defined_metric]" time="0.022" /><testcase classname="tests.test_qa_vnext_catalog_bridge_worker" name="test_four_groups_quantities_and_surfaces[accepted_true_rewrite-difference-control]" time="0.008" /><testcase classname="tests.test_qa_vnext_catalog_bridge_worker" name="test_four_groups_quantities_and_surfaces[accepted_true_rewrite-relative_change-annual_flow]" time="0.045" /><testcase classname="tests.test_qa_vnext_catalog_bridge_worker" name="test_four_groups_quantities_and_surfaces[accepted_true_rewrite-relative_change-stock_rollforward]" time="0.044" /><testcase classname="tests.test_qa_vnext_catalog_bridge_worker" name="test_four_groups_quantities_and_surfaces[accepted_true_rewrite-relative_change-company_defined_metric]" time="0.045" /><testcase classname="tests.test_qa_vnext_catalog_bridge_worker" name="test_four_groups_quantities_and_surfaces[accepted_true_rewrite-relative_change-control]" time="0.012" /><testcase classname="tests.test_qa_vnext_catalog_bridge_worker" name="test_four_groups_quantities_and_surfaces[canonical_fallback-difference-annual_flow]" time="0.022" /><testcase classname="tests.test_qa_vnext_catalog_bridge_worker" name="test_four_groups_quantities_and_surfaces[canonical_fallback-difference-stock_rollforward]" time="0.023" /><testcase classname="tests.test_qa_vnext_catalog_bridge_worker" name="test_four_groups_quantities_and_surfaces[canonical_fallback-difference-company_defined_metric]" time="0.022" /><testcase classname="tests.test_qa_vnext_catalog_bridge_worker" name="test_four_groups_quantities_and_surfaces[canonical_fallback-difference-control]" time="0.008" /><testcase classname="tests.test_qa_vnext_catalog_bridge_worker" name="test_four_groups_quantities_and_surfaces[canonical_fallback-relative_change-annual_flow]" time="0.048" /><testcase classname="tests.test_qa_vnext_catalog_bridge_worker" name="test_four_groups_quantities_and_surfaces[canonical_fallback-relative_change-stock_rollforward]" time="0.045" /><testcase classname="tests.test_qa_vnext_catalog_bridge_worker" name="test_four_groups_quantities_and_surfaces[canonical_fallback-relative_change-company_defined_metric]" time="0.045" /><testcase classname="tests.test_qa_vnext_catalog_bridge_worker" name="test_four_groups_quantities_and_surfaces[canonical_fallback-relative_change-control]" time="0.012" /><testcase classname="tests.test_qa_vnext_catalog_bridge_worker" name="test_registered_controls_keep_every_denominator" time="0.114" /><testcase classname="tests.test_qa_vnext_catalog_bridge_worker" name="test_online_rejects_private_identity_or_mutated_public" time="0.001" /><testcase classname="tests.test_qa_vnext_catalog_bridge_worker" name="test_actual_unit_conversion_and_tampered_tool_rejected" time="0.010" /><testcase classname="tests.test_qa_vnext_catalog_bridge_worker" name="test_same_value_wrong_financial_source_not_qualified" time="0.010" /><testcase classname="tests.test_qa_vnext_catalog_bridge_worker" name="test_original_format_error_stays_in_later_input" time="0.010" /><testcase classname="tests.test_qa_vnext_catalog_bridge_worker" name="test_shared_endpoint_base_is_valid_movement_rate" time="0.024" /><testcase classname="tests.test_qa_vnext_catalog_bridge_worker" name="test_fine_class_normalizes_spelling_but_retains_verification_and_revision" time="0.041" /><testcase classname="tests.test_qa_vnext_catalog_bridge_worker" name="test_unexplained_extra_calculation_kept_without_forced_full_class" time="0.013" /><testcase classname="tests.test_qa_vnext_catalog_bridge_worker" name="test_source_selection_and_order_retained_in_complete_signature" time="0.017" /><testcase classname="tests.test_qa_vnext_catalog_bridge_worker" name="test_table_split_parenthesis_and_cross_year_rejection" time="0.001" /><testcase classname="tests.test_qa_vnext_catalog_bridge_worker" name="test_equal_semantics_alternative_source_is_valid_but_distinct_full_class" time="0.069" /><testcase classname="tests.test_qa_vnext_catalog_bridge_worker" name="test_materialization_rejects_mutated_or_duplicate_package_before_loading" time="0.010" /><testcase classname="tests.test_qa_vnext_catalog_bridge_worker" name="test_materialization_retains_all_not_fit_rows_without_replacement" time="0.010" /><testcase classname="tests.test_qa_vnext_catalog_bridge_worker" name="test_worker_scale_mapping_matches_catalog_and_registered_loss_groups" time="0.000" /><testcase classname="tests.test_qa_vnext_catalog_bridge_worker" name="test_local_tokenizer_constructed_once_with_validated_shared_primitive" time="0.000" /><testcase classname="tests.test_qa_vnext_catalog_bridge_worker" name="test_materialization_inherits_24576_and_rejects_extension_before_loading" time="0.000" /><testcase classname="tests.test_qa_vnext_catalog_bridge_worker" name="test_materialization_checks_binding_policy_and_actual_model_context[binding0-bound_sequence_cap]" time="0.010" /><testcase classname="tests.test_qa_vnext_catalog_bridge_worker" name="test_materialization_checks_binding_policy_and_actual_model_context[binding1-bound_model_context_limit]" time="0.010" /><testcase classname="tests.test_qa_vnext_catalog_bridge_worker" name="test_materialization_checks_binding_policy_and_actual_model_context[binding2-bound_model_context_limit]" time="0.011" /><testcase classname="tests.test_qa_vnext_eval_readiness_collection" name="test_live_callback_uses_real_tools_and_actual_method_but_mock_is_not_training[endpoint-difference-stock_rollforward]" time="0.011" /><testcase classname="tests.test_qa_vnext_eval_readiness_collection" name="test_live_callback_uses_real_tools_and_actual_method_but_mock_is_not_training[endpoint-difference-annual_flow]" time="0.011" /><testcase classname="tests.test_qa_vnext_eval_readiness_collection" name="test_live_callback_uses_real_tools_and_actual_method_but_mock_is_not_training[endpoint-difference-company_defined_metric]" time="0.011" /><testcase classname="tests.test_qa_vnext_eval_readiness_collection" name="test_live_callback_uses_real_tools_and_actual_method_but_mock_is_not_training[endpoint-relative_change-stock_rollforward]" time="0.019" /><testcase classname="tests.test_qa_vnext_eval_readiness_collection" name="test_live_callback_uses_real_tools_and_actual_method_but_mock_is_not_training[endpoint-relative_change-annual_flow]" time="0.020" /><testcase classname="tests.test_qa_vnext_eval_readiness_collection" name="test_live_callback_uses_real_tools_and_actual_method_but_mock_is_not_training[endpoint-relative_change-company_defined_metric]" time="0.019" /><testcase classname="tests.test_qa_vnext_eval_readiness_collection" name="test_live_callback_uses_real_tools_and_actual_method_but_mock_is_not_training[movement-difference-stock_rollforward]" time="0.015" /><testcase classname="tests.test_qa_vnext_eval_readiness_collection" name="test_live_callback_uses_real_tools_and_actual_method_but_mock_is_not_training[movement-difference-annual_flow]" time="0.015" /><testcase classname="tests.test_qa_vnext_eval_readiness_collection" name="test_live_callback_uses_real_tools_and_actual_method_but_mock_is_not_training[movement-difference-company_defined_metric]" time="0.015" /><testcase classname="tests.test_qa_vnext_eval_readiness_collection" name="test_live_callback_uses_real_tools_and_actual_method_but_mock_is_not_training[movement-relative_change-stock_rollforward]" time="0.031" /><testcase classname="tests.test_qa_vnext_eval_readiness_collection" name="test_live_callback_uses_real_tools_and_actual_method_but_mock_is_not_training[movement-relative_change-annual_flow]" time="0.031" /><testcase classname="tests.test_qa_vnext_eval_readiness_collection" name="test_live_callback_uses_real_tools_and_actual_method_but_mock_is_not_training[movement-relative_change-company_defined_metric]" time="0.031" /><testcase classname="tests.test_qa_vnext_eval_readiness_collection" name="test_new_32_tool_runtime_replays_more_than_old_24_tool_limit" time="0.038" /><testcase classname="tests.test_qa_vnext_eval_readiness_collection" name="test_first_malformed_final_stops_without_following_callback" time="0.001" /><testcase classname="tests.test_qa_vnext_eval_readiness_collection" name="test_bad_format_is_retained_in_original_later_history_and_pending_class" time="0.010" /><testcase classname="tests.test_qa_vnext_eval_readiness_collection" name="test_session_transport_failure_and_global_study_stop_are_distinct[exception0-False]" time="0.001" /><testcase classname="tests.test_qa_vnext_eval_readiness_collection" name="test_session_transport_failure_and_global_study_stop_are_distinct[exception1-False]" time="0.001" /><testcase classname="tests.test_qa_vnext_eval_readiness_collection" name="test_session_transport_failure_and_global_study_stop_are_distinct[exception2-False]" time="0.001" /><testcase classname="tests.test_qa_vnext_eval_readiness_collection" name="test_session_transport_failure_and_global_study_stop_are_distinct[exception3-True]" time="0.001" /><testcase classname="tests.test_qa_vnext_eval_readiness_collection" name="test_session_transport_failure_and_global_study_stop_are_distinct[exception4-True]" time="0.001" /><testcase classname="tests.test_qa_vnext_eval_readiness_collection" name="test_raw_history_tamper_is_rejected_even_with_refreshed_container_identity" time="0.011" /><testcase classname="tests.test_qa_vnext_eval_readiness_collection" name="test_fixed_collection_runs_all_48_mock_control_sessions_without_eight_package_early_stop" time="1.508" /><testcase classname="tests.test_qa_vnext_eval_readiness_collection" name="test_ordinary_transport_failure_keeps_fixed_denominator_and_other_sessions" time="1.483" /><testcase classname="tests.test_qa_vnext_eval_readiness_collection" name="test_budget_stop_retains_incomplete_registry_and_blocks_material_selection_before_loader" time="0.023" /><testcase classname="tests.test_qa_vnext_eval_readiness_collection" name="test_raw_package_rejects_unverified_callback_origin" time="0.011" /><testcase classname="tests.test_qa_vnext_eval_readiness_collection" name="test_complete_collection_mock_materializer_constructs_once_no_truncation_and_no_small_training" time="1.750" /><testcase classname="tests.test_qa_vnext_eval_readiness_collection" name="test_consumer_policy_retains_exact_alpha_over_40L_and_original_cap" time="0.000" /><testcase classname="tests.test_qa_vnext_eval_readiness_collection" name="test_real_consumer_loads_exact_64_packages_and_whole_package_coefficients[alpha0]" time="0.028" /><testcase classname="tests.test_qa_vnext_eval_readiness_collection" name="test_real_consumer_loads_exact_64_packages_and_whole_package_coefficients[plus]" time="0.028" /><testcase classname="tests.test_qa_vnext_eval_readiness_collection" name="test_real_consumer_loads_exact_64_packages_and_whole_package_coefficients[minus]" time="0.028" /></testsuite></testsuites>