<?xml version="1.0" encoding="utf-8"?><testsuites name="pytest tests"><testsuite name="pytest" errors="0" failures="0" skipped="0" tests="368" time="133.966" timestamp="2026-09-13T13:16:58.999153+08:00" hostname="lyg0310"><testcase classname="tests.test_qa_vnext_hierarchical_diagnostics" name="test_complete_preserved_but_subchecks_not_relabelled_as_independent_ability" time="0.006" /><testcase classname="tests.test_qa_vnext_hierarchical_diagnostics" name="test_no_final_and_unknown_preserve_fixed_denominator_without_unknown_as_failure" time="0.005" /><testcase classname="tests.test_qa_vnext_hierarchical_diagnostics" name="test_registration_invalid_admission[pool-C]" time="0.001" /><testcase classname="tests.test_qa_vnext_hierarchical_diagnostics" name="test_registration_invalid_admission[seed-True]" time="0.001" /><testcase classname="tests.test_qa_vnext_hierarchical_diagnostics" name="test_registration_invalid_admission[seed--1]" time="0.001" /><testcase classname="tests.test_qa_vnext_hierarchical_diagnostics" name="test_registration_invalid_admission[split-train]" time="0.001" /><testcase classname="tests.test_qa_vnext_hierarchical_diagnostics" name="test_registration_invalid_admission[execution_kind-actual]" time="0.001" /><testcase classname="tests.test_qa_vnext_hierarchical_diagnostics" name="test_registration_invalid_admission[materials_manifest_id-]" time="0.001" /><testcase classname="tests.test_qa_vnext_hierarchical_diagnostics" name="test_registration_invalid_admission[pi_id-None]" time="0.001" /><testcase classname="tests.test_qa_vnext_hierarchical_diagnostics" name="test_registration_rejects_bad_panel[duplicate]" time="0.001" /><testcase classname="tests.test_qa_vnext_hierarchical_diagnostics" name="test_registration_rejects_bad_panel[missing_group]" time="0.001" /><testcase classname="tests.test_qa_vnext_hierarchical_diagnostics" name="test_registration_rejects_bad_panel[bad_hash]" time="0.001" /><testcase classname="tests.test_qa_vnext_hierarchical_diagnostics" name="test_registration_rejects_bad_panel[bad_task]" time="0.001" /><testcase classname="tests.test_qa_vnext_hierarchical_diagnostics" name="test_registration_rejects_bad_panel[extra_private]" time="0.001" /><testcase classname="tests.test_qa_vnext_hierarchical_diagnostics" name="test_assessment_must_be_authoritative_consistent_full_qualification[financial_valid-1]" time="0.001" /><testcase classname="tests.test_qa_vnext_hierarchical_diagnostics" name="test_assessment_must_be_authoritative_consistent_full_qualification[complete_trajectory_qualified-False]" time="0.001" /><testcase classname="tests.test_qa_vnext_hierarchical_diagnostics" name="test_assessment_must_be_authoritative_consistent_full_qualification[is_primary_utility_score-False]" time="0.001" /><testcase classname="tests.test_qa_vnext_hierarchical_diagnostics" name="test_assessment_must_be_authoritative_consistent_full_qualification[raw_history_and_tools_replayed-False]" time="0.001" /><testcase classname="tests.test_qa_vnext_hierarchical_diagnostics" name="test_assessment_must_be_authoritative_consistent_full_qualification[support_status-FAIL]" time="0.001" /><testcase classname="tests.test_qa_vnext_hierarchical_diagnostics" name="test_assessment_must_be_authoritative_consistent_full_qualification[support_status-UNDETERMINED]" time="0.001" /><testcase classname="tests.test_qa_vnext_hierarchical_diagnostics" name="test_assessment_must_be_authoritative_consistent_full_qualification[quantity_status-UNDETERMINED]" time="0.001" /><testcase classname="tests.test_qa_vnext_hierarchical_diagnostics" name="test_assessment_must_be_authoritative_consistent_full_qualification[first_final_index-10]" time="0.001" /><testcase classname="tests.test_qa_vnext_hierarchical_diagnostics" name="test_assessment_must_be_authoritative_consistent_full_qualification[session_id-evaluation_session:other]" time="0.001" /><testcase classname="tests.test_qa_vnext_hierarchical_diagnostics" name="test_generic_success_or_answer_only_flag_never_counts_as_complete" time="0.001" /><testcase classname="tests.test_qa_vnext_hierarchical_diagnostics" name="test_source_bytes_and_original_content_identity_are_checked[assessment]" time="0.002" /><testcase classname="tests.test_qa_vnext_hierarchical_diagnostics" name="test_source_bytes_and_original_content_identity_are_checked[session]" time="0.002" /><testcase classname="tests.test_qa_vnext_hierarchical_diagnostics" name="test_sealed_result_wrong_run_binding_hard_rejected_even_after_rehash[pool-B]" time="0.002" /><testcase classname="tests.test_qa_vnext_hierarchical_diagnostics" name="test_sealed_result_wrong_run_binding_hard_rejected_even_after_rehash[seed-29]" time="0.001" /><testcase classname="tests.test_qa_vnext_hierarchical_diagnostics" name="test_sealed_result_wrong_run_binding_hard_rejected_even_after_rehash[split-confirm]" time="0.002" /><testcase classname="tests.test_qa_vnext_hierarchical_diagnostics" name="test_sealed_result_wrong_run_binding_hard_rejected_even_after_rehash[surface_manifest_id-surface:other]" time="0.001" /><testcase classname="tests.test_qa_vnext_hierarchical_diagnostics" name="test_sealed_result_wrong_run_binding_hard_rejected_even_after_rehash[registration_id-other]" time="0.001" /><testcase classname="tests.test_qa_vnext_hierarchical_diagnostics" name="test_original_runtime_public_join_cannot_change[task_id-task_ffffffffffffffffffffffffffffffffffffffffffffffffffffffffffffffff]" time="0.001" /><testcase classname="tests.test_qa_vnext_hierarchical_diagnostics" name="test_original_runtime_public_join_cannot_change[family-other_financial]" time="0.001" /><testcase classname="tests.test_qa_vnext_hierarchical_diagnostics" name="test_original_runtime_public_join_cannot_change[surface_version_id-surface:wrong]" time="0.001" /><testcase classname="tests.test_qa_vnext_hierarchical_diagnostics" name="test_original_runtime_public_join_cannot_change[public_messages_sha256-dddddddddddddddddddddddddddddddddddddddddddddddddddddddddddddddd]" time="0.001" /><testcase classname="tests.test_qa_vnext_hierarchical_diagnostics" name="test_fixed_denominator_result_set_hard_gates[missing]" time="0.004" /><testcase classname="tests.test_qa_vnext_hierarchical_diagnostics" name="test_fixed_denominator_result_set_hard_gates[duplicate]" time="0.005" /><testcase classname="tests.test_qa_vnext_hierarchical_diagnostics" name="test_fixed_denominator_result_set_hard_gates[wrong_objective]" time="0.005" /><testcase classname="tests.test_qa_vnext_hierarchical_diagnostics" name="test_fixed_denominator_result_set_hard_gates[tampered_metric]" time="0.004" /><testcase classname="tests.test_qa_vnext_hierarchical_diagnostics" name="test_reordered_outputs_are_exactly_rejoined_not_silently_reweighted" time="0.008" /><testcase classname="tests.test_qa_vnext_hierarchical_diagnostics" name="test_pair_identifies_complete_effect_but_unknown_tool_effect_remains_unidentified" time="0.016" /><testcase classname="tests.test_qa_vnext_hierarchical_diagnostics" name="test_pair_rejects_different_registration[pool-B]" time="0.014" /><testcase classname="tests.test_qa_vnext_hierarchical_diagnostics" name="test_pair_rejects_different_registration[seed-29]" time="0.014" /><testcase classname="tests.test_qa_vnext_hierarchical_diagnostics" name="test_pair_rejects_different_registration[split-confirm]" time="0.014" /><testcase classname="tests.test_qa_vnext_hierarchical_diagnostics" name="test_pair_rejects_different_registration[materials_manifest_id-materials:other]" time="0.014" /><testcase classname="tests.test_qa_vnext_hierarchical_diagnostics" name="test_pair_rejects_different_registration[pi_id-pi:changed]" time="0.014" /><testcase classname="tests.test_qa_vnext_hierarchical_diagnostics" name="test_pair_rejects_different_registration[surface_manifest_id-surface:other]" time="0.014" /><testcase classname="tests.test_qa_vnext_hierarchical_diagnostics" name="test_pair_rejects_different_registration[frozen_pair_id-pair:other]" time="0.014" /><testcase classname="tests.test_qa_vnext_hierarchical_diagnostics" name="test_pair_rejects_swapped_conditions_or_rehashed_score" time="0.019" /><testcase classname="tests.test_qa_vnext_hierarchical_diagnostics" name="test_preregistered_predicate_interface_is_not_production_authorization" time="0.003" /><testcase classname="tests.test_qa_vnext_hierarchical_diagnostics" name="test_unregistered_independent_authority_and_duplicate_predicate_rejected" time="0.004" /><testcase classname="tests.test_qa_vnext_hierarchical_diagnostics" name="test_independent_predicate_cannot_be_replayed_for_other_task" time="0.003" /><testcase classname="tests.test_qa_vnext_hierarchical_diagnostics" name="test_no_final_logically_fails_final_even_with_conflicting_independent_verdict[PASS]" time="0.003" /><testcase classname="tests.test_qa_vnext_hierarchical_diagnostics" name="test_no_final_logically_fails_final_even_with_conflicting_independent_verdict[UNKNOWN]" time="0.003" /><testcase classname="tests.test_qa_vnext_hierarchical_diagnostics" name="test_authority_cannot_just_claim_production_validated" time="0.001" /><testcase classname="tests.test_qa_vnext_hierarchical_diagnostics" name="test_output_owns_deep_copied_input_data" time="0.001" /><testcase classname="tests.test_qa_vnext_hierarchical_integration" name="test_full_class_gradient_is_exact_parent_delegate[public_rtf]" time="4.051" /><testcase classname="tests.test_qa_vnext_hierarchical_integration" name="test_full_class_gradient_is_exact_parent_delegate[public_tf]" time="0.606" /><testcase classname="tests.test_qa_vnext_hierarchical_integration" name="test_full_step_is_exact_parent_consumer_regression[public_rtf]" time="1.855" /><testcase classname="tests.test_qa_vnext_hierarchical_integration" name="test_full_step_is_exact_parent_consumer_regression[public_tf]" time="0.956" /><testcase classname="tests.test_qa_vnext_hierarchical_integration" name="test_hierarchical_64_package_step_matches_independent_AdamW_and_pi_once[True-public_rtf]" time="0.674" /><testcase classname="tests.test_qa_vnext_hierarchical_integration" name="test_hierarchical_64_package_step_matches_independent_AdamW_and_pi_once[True-public_tf]" time="0.763" /><testcase classname="tests.test_qa_vnext_hierarchical_integration" name="test_hierarchical_64_package_step_matches_independent_AdamW_and_pi_once[False-public_rtf]" time="0.674" /><testcase classname="tests.test_qa_vnext_hierarchical_integration" name="test_hierarchical_64_package_step_matches_independent_AdamW_and_pi_once[False-public_tf]" time="0.768" /><testcase classname="tests.test_qa_vnext_hierarchical_integration" name="test_unequal_package_lengths_use_package_mean_and_match_finite_difference[public_rtf-full_token_mean]" time="0.006" /><testcase classname="tests.test_qa_vnext_hierarchical_integration" name="test_unequal_package_lengths_use_package_mean_and_match_finite_difference[public_rtf-hierarchical]" time="0.006" /><testcase classname="tests.test_qa_vnext_hierarchical_integration" name="test_unequal_package_lengths_use_package_mean_and_match_finite_difference[public_tf-full_token_mean]" time="0.006" /><testcase classname="tests.test_qa_vnext_hierarchical_integration" name="test_unequal_package_lengths_use_package_mean_and_match_finite_difference[public_tf-hierarchical]" time="0.006" /><testcase classname="tests.test_qa_vnext_hierarchical_integration" name="test_class_gradient_preserves_original_grads_buffers_and_mixed_dropout_modes[full_token_mean]" time="0.004" /><testcase classname="tests.test_qa_vnext_hierarchical_integration" name="test_class_gradient_preserves_original_grads_buffers_and_mixed_dropout_modes[hierarchical]" time="0.004" /><testcase classname="tests.test_qa_vnext_hierarchical_integration" name="test_class_gradient_rejects_buffer_mutation_and_restores_caller_state[full_token_mean]" time="0.004" /><testcase classname="tests.test_qa_vnext_hierarchical_integration" name="test_class_gradient_rejects_buffer_mutation_and_restores_caller_state[hierarchical]" time="0.004" /><testcase classname="tests.test_qa_vnext_hierarchical_integration" name="test_caller_alias_mutation_cannot_reweight_validated_inputs[full_token_mean]" time="1.151" /><testcase classname="tests.test_qa_vnext_hierarchical_integration" name="test_caller_alias_mutation_cannot_reweight_validated_inputs[hierarchical]" time="1.006" /><testcase classname="tests.test_qa_vnext_hierarchical_integration" name="test_invalid_original_package_or_double_pi_stops_before_forward_and_zero[drop-full_token_mean]" time="0.435" /><testcase classname="tests.test_qa_vnext_hierarchical_integration" name="test_invalid_original_package_or_double_pi_stops_before_forward_and_zero[drop-hierarchical]" time="0.528" /><testcase classname="tests.test_qa_vnext_hierarchical_integration" name="test_invalid_original_package_or_double_pi_stops_before_forward_and_zero[reorder-full_token_mean]" time="0.441" /><testcase classname="tests.test_qa_vnext_hierarchical_integration" name="test_invalid_original_package_or_double_pi_stops_before_forward_and_zero[reorder-hierarchical]" time="0.557" /><testcase classname="tests.test_qa_vnext_hierarchical_integration" name="test_invalid_original_package_or_double_pi_stops_before_forward_and_zero[rows-full_token_mean]" time="0.440" /><testcase classname="tests.test_qa_vnext_hierarchical_integration" name="test_invalid_original_package_or_double_pi_stops_before_forward_and_zero[rows-hierarchical]" time="0.521" /><testcase classname="tests.test_qa_vnext_hierarchical_integration" name="test_invalid_original_package_or_double_pi_stops_before_forward_and_zero[heldout-full_token_mean]" time="0.436" /><testcase classname="tests.test_qa_vnext_hierarchical_integration" name="test_invalid_original_package_or_double_pi_stops_before_forward_and_zero[heldout-hierarchical]" time="0.521" /><testcase classname="tests.test_qa_vnext_hierarchical_integration" name="test_invalid_original_package_or_double_pi_stops_before_forward_and_zero[pool-full_token_mean]" time="0.436" /><testcase classname="tests.test_qa_vnext_hierarchical_integration" name="test_invalid_original_package_or_double_pi_stops_before_forward_and_zero[pool-hierarchical]" time="0.529" /><testcase classname="tests.test_qa_vnext_hierarchical_integration" name="test_invalid_original_package_or_double_pi_stops_before_forward_and_zero[pending-full_token_mean]" time="0.433" /><testcase classname="tests.test_qa_vnext_hierarchical_integration" name="test_invalid_original_package_or_double_pi_stops_before_forward_and_zero[pending-hierarchical]" time="0.523" /><testcase classname="tests.test_qa_vnext_hierarchical_integration" name="test_invalid_original_package_or_double_pi_stops_before_forward_and_zero[count-full_token_mean]" time="0.434" /><testcase classname="tests.test_qa_vnext_hierarchical_integration" name="test_invalid_original_package_or_double_pi_stops_before_forward_and_zero[count-hierarchical]" time="0.562" /><testcase classname="tests.test_qa_vnext_hierarchical_integration" name="test_invalid_original_package_or_double_pi_stops_before_forward_and_zero[pi_squared-full_token_mean]" time="0.435" /><testcase classname="tests.test_qa_vnext_hierarchical_integration" name="test_invalid_original_package_or_double_pi_stops_before_forward_and_zero[pi_squared-hierarchical]" time="0.521" /><testcase classname="tests.test_qa_vnext_hierarchical_integration" name="test_failures_restore_state_and_never_step[sink-full_token_mean]" time="0.682" /><testcase classname="tests.test_qa_vnext_hierarchical_integration" name="test_failures_restore_state_and_never_step[sink-hierarchical]" time="0.718" /><testcase classname="tests.test_qa_vnext_hierarchical_integration" name="test_failures_restore_state_and_never_step[nonfinite-full_token_mean]" time="0.571" /><testcase classname="tests.test_qa_vnext_hierarchical_integration" name="test_failures_restore_state_and_never_step[nonfinite-hierarchical]" time="0.575" /><testcase classname="tests.test_qa_vnext_hierarchical_integration" name="test_failures_restore_state_and_never_step[buffer-full_token_mean]" time="0.773" /><testcase classname="tests.test_qa_vnext_hierarchical_integration" name="test_failures_restore_state_and_never_step[buffer-hierarchical]" time="0.623" /><testcase classname="tests.test_qa_vnext_hierarchical_integration" name="test_failures_restore_state_and_never_step[optimizer_mutation-full_token_mean]" time="0.771" /><testcase classname="tests.test_qa_vnext_hierarchical_integration" name="test_failures_restore_state_and_never_step[optimizer_mutation-hierarchical]" time="0.632" /><testcase classname="tests.test_qa_vnext_hierarchical_integration" name="test_failures_restore_state_and_never_step[gradient_mutation-full_token_mean]" time="0.799" /><testcase classname="tests.test_qa_vnext_hierarchical_integration" name="test_failures_restore_state_and_never_step[gradient_mutation-hierarchical]" time="0.622" /><testcase classname="tests.test_qa_vnext_hierarchical_integration" name="test_missing_positive_layer_blocks_both_conditions_before_zero[full_token_mean]" time="0.529" /><testcase classname="tests.test_qa_vnext_hierarchical_integration" name="test_missing_positive_layer_blocks_both_conditions_before_zero[hierarchical]" time="0.444" /><testcase classname="tests.test_qa_vnext_hierarchical_integration" name="test_missing_member_of_a_class_rejected_before_class_forward" time="0.001" /><testcase classname="tests.test_qa_vnext_hierarchical_integration" name="test_GPU_device_is_rejected_without_allocating_GPU_or_forward" time="0.445" /><testcase classname="tests.test_qa_vnext_hierarchical_integration" name="test_duplicate_optimizer_parameter_cannot_apply_two_updates_per_step[full_token_mean]" time="0.353" /><testcase classname="tests.test_qa_vnext_hierarchical_integration" name="test_duplicate_optimizer_parameter_cannot_apply_two_updates_per_step[hierarchical]" time="0.352" /><testcase classname="tests.test_qa_vnext_hierarchical_integration" name="test_readonly_class_gradient_does_not_increment_original_tensor_versions[full_token_mean]" time="0.004" /><testcase classname="tests.test_qa_vnext_hierarchical_integration" name="test_readonly_class_gradient_does_not_increment_original_tensor_versions[hierarchical]" time="0.007" /><testcase classname="tests.test_qa_vnext_hierarchical_loss" name="test_policy_is_frozen_and_declares_non_probability_objective" time="0.001" /><testcase classname="tests.test_qa_vnext_hierarchical_loss" name="test_no_unregistered_ablation_or_profile[kwargs0]" time="0.001" /><testcase classname="tests.test_qa_vnext_hierarchical_loss" name="test_no_unregistered_ablation_or_profile[kwargs1]" time="0.001" /><testcase classname="tests.test_qa_vnext_hierarchical_loss" name="test_no_unregistered_ablation_or_profile[kwargs2]" time="0.001" /><testcase classname="tests.test_qa_vnext_hierarchical_loss" name="test_uniform_row_is_exact_inherited_loss_and_gradient" time="0.001" /><testcase classname="tests.test_qa_vnext_hierarchical_loss" name="test_mixed_token_weights_have_no_extra_shift_or_mean" time="0.001" /><testcase classname="tests.test_qa_vnext_hierarchical_loss" name="test_zero_coefficients_keep_connected_zero_gradient" time="0.001" /><testcase classname="tests.test_qa_vnext_hierarchical_loss" name="test_uniform_and_nonuniform_scale_fail_closed[coefficients0-1]" time="0.001" /><testcase classname="tests.test_qa_vnext_hierarchical_loss" name="test_uniform_and_nonuniform_scale_fail_closed[coefficients1-1]" time="0.001" /><testcase classname="tests.test_qa_vnext_hierarchical_loss" name="test_uniform_and_nonuniform_scale_fail_closed[coefficients2-scale2]" time="0.001" /><testcase classname="tests.test_qa_vnext_hierarchical_loss" name="test_uniform_and_nonuniform_scale_fail_closed[coefficients3-1000000000000000000000000000000]" time="0.001" /><testcase classname="tests.test_qa_vnext_hierarchical_loss" name="test_uniform_and_nonuniform_scale_fail_closed[coefficients4-1000000000000000000000000000000000000000000000000000000000000000000000000000000000000000000000000000000000000000000000000000000000000000000000000000000000000000000000000000000000000000000000000000000000000000000000000000000000000000000000000000000000000000000000000000000000000000000000000000000000000]" time="0.001" /><testcase classname="tests.test_qa_vnext_hierarchical_loss" name="test_uniform_and_nonuniform_scale_fail_closed[coefficients5-1]" time="0.001" /><testcase classname="tests.test_qa_vnext_hierarchical_loss" name="test_uniform_and_nonuniform_scale_fail_closed[coefficients6-1]" time="0.001" /><testcase classname="tests.test_qa_vnext_hierarchical_loss" name="test_uniform_and_nonuniform_scale_fail_closed[coefficients7-1]" time="0.001" /><testcase classname="tests.test_qa_vnext_hierarchical_loss" name="test_uniform_and_nonuniform_scale_fail_closed[coefficients8-0]" time="0.001" /><testcase classname="tests.test_qa_vnext_hierarchical_loss" name="test_uniform_and_nonuniform_scale_fail_closed[coefficients9-False]" time="0.001" /><testcase classname="tests.test_qa_vnext_hierarchical_loss" name="test_uniform_and_nonuniform_scale_fail_closed[coefficients10-inf]" time="0.001" /><testcase classname="tests.test_qa_vnext_hierarchical_loss" name="test_only_actual_selected_integer_labels[labels0]" time="0.001" /><testcase classname="tests.test_qa_vnext_hierarchical_loss" name="test_only_actual_selected_integer_labels[labels1]" time="0.001" /><testcase classname="tests.test_qa_vnext_hierarchical_loss" name="test_only_actual_selected_integer_labels[labels2]" time="0.001" /><testcase classname="tests.test_qa_vnext_hierarchical_loss" name="test_only_actual_selected_integer_labels[labels3]" time="0.001" /><testcase classname="tests.test_qa_vnext_hierarchical_loss" name="test_only_actual_selected_integer_labels[labels4]" time="0.001" /><testcase classname="tests.test_qa_vnext_hierarchical_loss" name="test_only_actual_selected_integer_labels[labels5]" time="0.001" /><testcase classname="tests.test_qa_vnext_hierarchical_loss" name="test_even_zero_weight_nonfinite_selected_logits_are_rejected[nan]" time="0.001" /><testcase classname="tests.test_qa_vnext_hierarchical_loss" name="test_even_zero_weight_nonfinite_selected_logits_are_rejected[inf]" time="0.001" /><testcase classname="tests.test_qa_vnext_hierarchical_loss" name="test_even_zero_weight_nonfinite_selected_logits_are_rejected[-inf]" time="0.001" /><testcase classname="tests.test_qa_vnext_hierarchical_loss" name="test_package_means_use_layer_totals_not_full_or_row_denominators" time="0.002" /><testcase classname="tests.test_qa_vnext_hierarchical_loss" name="test_original_full_is_not_three_unweighted_layer_means" time="0.002" /><testcase classname="tests.test_qa_vnext_hierarchical_loss" name="test_two_tool_rows_share_the_package_tool_denominator" time="0.001" /><testcase classname="tests.test_qa_vnext_hierarchical_loss" name="test_missing_reasoning_is_global_TF_profile_not_per_row_renormalization" time="0.001" /><testcase classname="tests.test_qa_vnext_hierarchical_loss" name="test_missing_weighted_layer_blocks_both_comparison_conditions[full_token_mean]" time="0.001" /><testcase classname="tests.test_qa_vnext_hierarchical_loss" name="test_missing_weighted_layer_blocks_both_comparison_conditions[hierarchical]" time="0.001" /><testcase classname="tests.test_qa_vnext_hierarchical_loss" name="test_original_rows_and_annotation_are_not_mutated" time="0.001" /><testcase classname="tests.test_qa_vnext_hierarchical_representation" name="test_current_Teacher_schema_binds_full_public_responses_without_mutating_originals" time="0.017" /><testcase classname="tests.test_qa_vnext_hierarchical_representation" name="test_full_encoded_original_package_identity_is_verified" time="0.020" /><testcase classname="tests.test_qa_vnext_hierarchical_representation" name="test_old_public_update_and_action_are_tools_never_reasoning[public_update]" time="0.039" /><testcase classname="tests.test_qa_vnext_hierarchical_representation" name="test_old_public_update_and_action_are_tools_never_reasoning[public_action]" time="0.039" /><testcase classname="tests.test_qa_vnext_hierarchical_representation" name="test_annotation_reopen_rejects_changes_to_original_package[swap_rows]" time="0.010" /><testcase classname="tests.test_qa_vnext_hierarchical_representation" name="test_annotation_reopen_rejects_changes_to_original_package[drop_row]" time="0.010" /><testcase classname="tests.test_qa_vnext_hierarchical_representation" name="test_annotation_reopen_rejects_changes_to_original_package[change_tokens]" time="0.012" /><testcase classname="tests.test_qa_vnext_hierarchical_representation" name="test_annotation_reopen_rejects_changes_to_original_package[change_package_id]" time="0.017" /><testcase classname="tests.test_qa_vnext_hierarchical_representation" name="test_annotation_reopen_rejects_changes_to_original_package[change_total]" time="0.010" /><testcase classname="tests.test_qa_vnext_hierarchical_representation" name="test_candidate_bindings_reject_same_ID_tampering_or_changed_source_inventory[target]" time="0.003" /><testcase classname="tests.test_qa_vnext_hierarchical_representation" name="test_candidate_bindings_reject_same_ID_tampering_or_changed_source_inventory[kind]" time="0.003" /><testcase classname="tests.test_qa_vnext_hierarchical_representation" name="test_candidate_bindings_reject_same_ID_tampering_or_changed_source_inventory[id]" time="0.003" /><testcase classname="tests.test_qa_vnext_hierarchical_representation" name="test_candidate_bindings_reject_same_ID_tampering_or_changed_source_inventory[missing]" time="0.003" /><testcase classname="tests.test_qa_vnext_hierarchical_representation" name="test_candidate_bindings_reject_same_ID_tampering_or_changed_source_inventory[extra]" time="0.003" /><testcase classname="tests.test_qa_vnext_hierarchical_representation" name="test_candidate_bindings_reject_same_ID_tampering_or_changed_source_inventory[swap]" time="0.003" /><testcase classname="tests.test_qa_vnext_hierarchical_representation" name="test_candidate_bindings_reject_same_ID_tampering_or_changed_source_inventory[private]" time="0.003" /><testcase classname="tests.test_qa_vnext_hierarchical_representation" name="test_resigned_misdeclared_kind_is_still_checked_against_raw_JSON" time="0.006" /><testcase classname="tests.test_qa_vnext_hierarchical_representation" name="test_unknown_duplicate_or_nonfinite_raw_public_content_blocks_package[{&quot;tool&quot;:&quot;a&quot;,&quot;tool&quot;:&quot;b&quot;,&quot;arguments&quot;:{}}]" time="0.006" /><testcase classname="tests.test_qa_vnext_hierarchical_representation" name="test_unknown_duplicate_or_nonfinite_raw_public_content_blocks_package[{&quot;tool&quot;:&quot;a&quot;,&quot;arguments&quot;:{&quot;v&quot;:NaN}}]" time="0.006" /><testcase classname="tests.test_qa_vnext_hierarchical_representation" name="test_unknown_duplicate_or_nonfinite_raw_public_content_blocks_package[unstructured reasoning]" time="0.005" /><testcase classname="tests.test_qa_vnext_hierarchical_representation" name="test_resigned_representation_field_mismatch_is_not_a_valid_binding[target_raw_sha256-0000000000000000000000000000000000000000000000000000000000000000]" time="0.006" /><testcase classname="tests.test_qa_vnext_hierarchical_representation" name="test_resigned_representation_field_mismatch_is_not_a_valid_binding[row_id-candidate:other]" time="0.006" /><testcase classname="tests.test_qa_vnext_hierarchical_representation" name="test_resigned_representation_field_mismatch_is_not_a_valid_binding[session_id-session:other]" time="0.006" /><testcase classname="tests.test_qa_vnext_hierarchical_representation" name="test_resigned_representation_field_mismatch_is_not_a_valid_binding[target_character_end-0]" time="0.006" /><testcase classname="tests.test_qa_vnext_hierarchical_representation" name="test_resigned_representation_field_mismatch_is_not_a_valid_binding[target_token_start-0]" time="0.006" /><testcase classname="tests.test_qa_vnext_hierarchical_representation" name="test_resigned_representation_field_mismatch_is_not_a_valid_binding[suffix_token_count-1]" time="0.006" /><testcase classname="tests.test_qa_vnext_hierarchical_representation" name="test_resigned_representation_field_mismatch_is_not_a_valid_binding[causal_shift-2]" time="0.006" /><testcase classname="tests.test_qa_vnext_hierarchical_representation" name="test_resigned_representation_field_mismatch_is_not_a_valid_binding[truncated-True]" time="0.006" /><testcase classname="tests.test_qa_vnext_hierarchical_representation" name="test_resigned_representation_field_mismatch_is_not_a_valid_binding[maximum_sequence_length-12000]" time="0.006" /><testcase classname="tests.test_qa_vnext_hierarchical_representation" name="test_resigned_representation_field_mismatch_is_not_a_valid_binding[boundary_checks-value9]" time="0.006" /><testcase classname="tests.test_qa_vnext_hierarchical_representation" name="test_resigned_representation_field_mismatch_is_not_a_valid_binding[prompt_token_count-1.0]" time="0.006" /><testcase classname="tests.test_qa_vnext_hierarchical_representation" name="test_resigned_sidecar_layers_are_rederived_not_trusted[reasoning]" time="0.017" /><testcase classname="tests.test_qa_vnext_hierarchical_representation" name="test_resigned_sidecar_layers_are_rederived_not_trusted[overlap]" time="0.017" /><testcase classname="tests.test_qa_vnext_hierarchical_representation" name="test_resigned_sidecar_layers_are_rederived_not_trusted[context]" time="0.017" /><testcase classname="tests.test_qa_vnext_hierarchical_representation" name="test_resigned_sidecar_layers_are_rederived_not_trusted[suffix]" time="0.017" /><testcase classname="tests.test_qa_vnext_hierarchical_representation" name="test_resigned_sidecar_layers_are_rederived_not_trusted[missing_target]" time="0.017" /><testcase classname="tests.test_qa_vnext_hierarchical_representation" name="test_resigned_sidecar_layers_are_rederived_not_trusted[CPU_only]" time="0.017" /><testcase classname="tests.test_qa_vnext_hierarchical_representation" name="test_missing_tools_blocks_complete_package_instead_of_dropping_it" time="0.006" /><testcase classname="tests.test_qa_vnext_hierarchical_representation" name="test_synthetic_RTF_masks_are_explicit_and_can_never_pass_as_original_public_authority" time="0.008" /><testcase classname="tests.test_qa_vnext_hierarchical_representation" name="test_synthetic_per_token_masks_preserve_true_row_order_and_context" time="0.005" /><testcase classname="tests.test_qa_vnext_hierarchical_representation" name="test_validator_does_not_load_or_invoke_a_tokenizer" time="0.017" /><testcase classname="tests.test_qa_vnext_hierarchical_representation" name="test_reordering_both_candidates_and_rows_cannot_reorder_original_time" time="0.011" /><testcase classname="tests.test_qa_vnext_hierarchical_representation" name="test_original_tokenizer_and_method_contract_cannot_be_mixed[mixed_tokenizer]" time="0.009" /><testcase classname="tests.test_qa_vnext_hierarchical_representation" name="test_original_tokenizer_and_method_contract_cannot_be_mixed[wrong_package_tokenizer]" time="0.009" /><testcase classname="tests.test_qa_vnext_hierarchical_representation" name="test_original_tokenizer_and_method_contract_cannot_be_mixed[wrong_method]" time="0.005" /><testcase classname="tests.test_qa_vnext_hierarchical_representation" name="test_resigned_embedded_candidate_cannot_rebind_original_encoded_row" time="0.011" /><testcase classname="tests.test_qa_vnext_hierarchical_representation" name="test_synthetic_RTF_missing_layer_blocks_not_renormalizes_or_drops_rows" time="0.004" /><testcase classname="tests.test_qa_vnext_hierarchical_representation" name="test_content_addressed_unknown_candidate_schema_cannot_become_public_reasoning" time="0.006" /><testcase classname="tests.test_qa_vnext_hierarchical_study" name="test_prospective_design_is_two_losses_with_fixed_pi_and_full_baseline" time="0.001" /><testcase classname="tests.test_qa_vnext_hierarchical_study" name="test_complete_paired_controls_have_actual_same_inputs_and_Adam_steps[public_rtf]" time="17.475" /><testcase classname="tests.test_qa_vnext_hierarchical_study" name="test_complete_paired_controls_have_actual_same_inputs_and_Adam_steps[public_tf]" time="0.037" /><testcase classname="tests.test_qa_vnext_hierarchical_study" name="test_invalid_source_or_shared_state_stops_before_model_factory[manifest]" time="0.557" /><testcase classname="tests.test_qa_vnext_hierarchical_study" name="test_invalid_source_or_shared_state_stops_before_model_factory[rows]" time="0.665" /><testcase classname="tests.test_qa_vnext_hierarchical_study" name="test_invalid_source_or_shared_state_stops_before_model_factory[pi]" time="0.785" /><testcase classname="tests.test_qa_vnext_hierarchical_study" name="test_invalid_source_or_shared_state_stops_before_model_factory[annotation]" time="0.783" /><testcase classname="tests.test_qa_vnext_hierarchical_study" name="test_invalid_source_or_shared_state_stops_before_model_factory[not_toy]" time="0.520" /><testcase classname="tests.test_qa_vnext_hierarchical_study" name="test_invalid_source_or_shared_state_stops_before_model_factory[drop_package]" time="0.742" /><testcase classname="tests.test_qa_vnext_hierarchical_study" name="test_metadata_snapshot_never_authorizes_real_model_or_selects_unselected_packages[False]" time="0.002" /><testcase classname="tests.test_qa_vnext_hierarchical_study" name="test_metadata_snapshot_never_authorizes_real_model_or_selects_unselected_packages[True]" time="0.002" /><testcase classname="tests.test_qa_vnext_hierarchical_study" name="test_metadata_missing_identity_or_regular_file_blocks[member_bytes]" time="0.002" /><testcase classname="tests.test_qa_vnext_hierarchical_study" name="test_metadata_missing_identity_or_regular_file_blocks[record_body]" time="0.002" /><testcase classname="tests.test_qa_vnext_hierarchical_study" name="test_metadata_missing_identity_or_regular_file_blocks[symlink]" time="0.001" /><testcase classname="tests.test_qa_vnext_hierarchical_study" name="test_real_execution_hard_gate_cannot_be_opened_by_CPU_results" time="0.001" /><testcase classname="tests.test_qa_vnext_hierarchical_study" name="test_artifact_path_cannot_escape_with_parent_traversal_or_other_branch" time="0.001" /><testcase classname="tests.test_qa_vnext_hierarchical_study" name="test_artifact_writer_cannot_use_other_worktree_as_current_directory" time="0.001" /><testcase classname="tests.test_qa_vnext_hierarchical_study" name="test_CPU_pair_never_uses_global_all_device_seed" time="0.704" /><testcase classname="tests.test_qa_vnext_hierarchical_study" name="test_non_CPU_optimizer_tensor_rejected_before_serialization_or_training" time="0.799" /><testcase classname="tests.test_qa_vnext_hierarchical_study" name="test_different_layer_losses_change_gradient_direction_beyond_scalar_rescaling[public_rtf]" time="0.013" /><testcase classname="tests.test_qa_vnext_hierarchical_study" name="test_different_layer_losses_change_gradient_direction_beyond_scalar_rescaling[public_tf]" time="0.016" /><testcase classname="tests.test_qa_vnext_anchored_feedback" name="test_registry_exact_denominator_groups_and_common_random_numbers" time="0.027" /><testcase classname="tests.test_qa_vnext_anchored_feedback" name="test_sampling_full_softmax_and_real_eos_probability_replay" time="0.018" /><testcase classname="tests.test_qa_vnext_anchored_feedback" name="test_full_trajectory_errors_and_eos_not_SFT_or_length_normalized" time="0.018" /><testcase classname="tests.test_qa_vnext_anchored_feedback" name="test_parameter_dropout_identity_and_record_tampering_fail_closed" time="0.028" /><testcase classname="tests.test_qa_vnext_anchored_feedback" name="test_context_rejection_and_partial_failure_keep_actual_sampled_tokens" time="0.039" /><testcase classname="tests.test_qa_vnext_anchored_feedback" name="test_fixed_reward_gradient_matches_analytic_and_does_not_mutate_real_grad" time="2.282" /><testcase classname="tests.test_qa_vnext_anchored_feedback" name="test_no_final_and_qualification_missing_failures_are_not_success" time="0.013" /><testcase classname="tests.test_qa_vnext_anchored_feedback" name="test_production_is_hard_gate_not_a_boolean_claim" time="0.012" /><testcase classname="tests.test_qa_vnext_anchored_feedback" name="test_private_fields_not_accepted_in_public_registration_and_neutral_prefix_enforced" time="0.013" /><testcase classname="tests.test_qa_vnext_anchored_feedback" name="test_online_public_runtime_then_offline_qualification_keeps_all_360" time="0.989" /><testcase classname="tests.test_qa_vnext_anchored_feedback" name="test_tokenizer_fault_is_retained_but_cannot_supply_gJ" time="0.013" /><testcase classname="tests.test_qa_vnext_anchored_feedback" name="test_length_limit_keeps_all_2048_without_fabricating_eos_or_cropping" time="0.326" /><testcase classname="tests.test_qa_vnext_anchored_feedback" name="test_score_gradient_finite_difference_and_resealed_probability_tamper" time="0.019" /><testcase classname="tests.test_qa_vnext_anchored_gradients_isolation" name="test_class_gradient_means_and_real_buffers_unchanged" time="0.003" /><testcase classname="tests.test_qa_vnext_anchored_gradients_isolation" name="test_virtual_forward_uses_new_point_without_mutating_original" time="0.001" /><testcase classname="tests.test_qa_vnext_anchored_gradients_isolation" name="test_virtual_drift_detected" time="0.001" /><testcase classname="tests.test_qa_vnext_anchored_gradients_isolation" name="test_invalid_class_gradient_inputs_rejected[duplicate]" time="0.001" /><testcase classname="tests.test_qa_vnext_anchored_gradients_isolation" name="test_invalid_class_gradient_inputs_rejected[heldout]" time="0.001" /><testcase classname="tests.test_qa_vnext_anchored_gradients_isolation" name="test_invalid_class_gradient_inputs_rejected[wrong_L]" time="0.001" /><testcase classname="tests.test_qa_vnext_anchored_gradients_isolation" name="test_invalid_class_gradient_inputs_rejected[mixed_pool]" time="0.001" /><testcase classname="tests.test_qa_vnext_anchored_gradients_isolation" name="test_modes_restored_after_error" time="0.001" /><testcase classname="tests.test_qa_vnext_anchored_gradients_isolation" name="test_forbidden_development_reads_even_if_allowlisted[trusted_data_synthesis/artifacts/qa_vnext_basis_student/study_20260912/scores/confirm/report.json]" time="0.001" /><testcase classname="tests.test_qa_vnext_anchored_gradients_isolation" name="test_forbidden_development_reads_even_if_allowlisted[trusted_data_synthesis/artifacts/qa_vnext_basis_student/study_20260912/training/final_adapter.safetensors]" time="0.001" /><testcase classname="tests.test_qa_vnext_anchored_gradients_isolation" name="test_forbidden_development_reads_even_if_allowlisted[other/confirm/result.json]" time="0.001" /><testcase classname="tests.test_qa_vnext_anchored_gradients_isolation" name="test_forbidden_development_reads_even_if_allowlisted[other/confirmation.json]" time="0.001" /><testcase classname="tests.test_qa_vnext_anchored_gradients_isolation" name="test_forbidden_development_reads_even_if_allowlisted[../outside]" time="0.001" /><testcase classname="tests.test_qa_vnext_anchored_gradients_isolation" name="test_read_allowlist_has_actual_bytes_digest" time="0.001" /><testcase classname="tests.test_qa_vnext_anchored_gradients_isolation" name="test_confirmation_presence_never_opens_outcomes" time="0.002" /><testcase classname="tests.test_qa_vnext_anchored_gradients_isolation" name="test_new_outputs_confined_to_new_algorithm[trusted_data_synthesis/artifacts/qa_vnext_basis_student/study_20260912/new.json]" time="0.001" /><testcase classname="tests.test_qa_vnext_anchored_gradients_isolation" name="test_new_outputs_confined_to_new_algorithm[../new]" time="0.001" /><testcase classname="tests.test_qa_vnext_anchored_gradients_isolation" name="test_new_outputs_confined_to_new_algorithm[trusted_data_synthesis/artifacts/qa_vnext_anchored_vtdo]" time="0.001" /><testcase classname="tests.test_qa_vnext_anchored_gradients_isolation" name="test_new_outputs_confined_to_new_algorithm[unrelated/result]" time="0.001" /><testcase classname="tests.test_qa_vnext_anchored_gradients_isolation" name="test_new_budget_never_implicitly_authorizes_GPU" time="0.001" /><testcase classname="tests.test_qa_vnext_anchored_gradients_isolation" name="test_write_once_and_record_identity" time="0.002" /><testcase classname="tests.test_qa_vnext_anchored_state_catalog" name="test_exact_DAG_invariant_to_reference_ids_and_independent_node_array_order" time="0.005" /><testcase classname="tests.test_qa_vnext_anchored_state_catalog" name="test_semantic_relations_are_not_merged_despite_same_numeric_answer[source]" time="0.001" /><testcase classname="tests.test_qa_vnext_anchored_state_catalog" name="test_semantic_relations_are_not_merged_despite_same_numeric_answer[period]" time="0.001" /><testcase classname="tests.test_qa_vnext_anchored_state_catalog" name="test_semantic_relations_are_not_merged_despite_same_numeric_answer[subtract_role]" time="0.001" /><testcase classname="tests.test_qa_vnext_anchored_state_catalog" name="test_semantic_relations_are_not_merged_despite_same_numeric_answer[visibility]" time="0.001" /><testcase classname="tests.test_qa_vnext_anchored_state_catalog" name="test_semantic_relations_are_not_merged_despite_same_numeric_answer[revision]" time="0.001" /><testcase classname="tests.test_qa_vnext_anchored_state_catalog" name="test_semantic_relations_are_not_merged_despite_same_numeric_answer[verification]" time="0.001" /><testcase classname="tests.test_qa_vnext_anchored_state_catalog" name="test_semantic_relations_are_not_merged_despite_same_numeric_answer[Final]" time="0.001" /><testcase classname="tests.test_qa_vnext_anchored_state_catalog" name="test_semantic_relations_are_not_merged_despite_same_numeric_answer[actual_method]" time="0.001" /><testcase classname="tests.test_qa_vnext_anchored_state_catalog" name="test_cyclic_and_search_unproven_graphs_fail_instead_of_hash_merging" time="0.001" /><testcase classname="tests.test_qa_vnext_anchored_state_catalog" name="test_structured_original_projection_is_real_replay_and_retains_old_signature" time="0.006" /><testcase classname="tests.test_qa_vnext_anchored_state_catalog" name="test_missing_or_tampered_original_evidence_never_forces_projection" time="0.004" /><testcase classname="tests.test_qa_vnext_anchored_state_catalog" name="test_actual_structured_revision_and_verification_are_preserved[revision-explicit_revision]" time="0.013" /><testcase classname="tests.test_qa_vnext_anchored_state_catalog" name="test_actual_structured_revision_and_verification_are_preserved[verification-inherited_check:redundant_target_recomputation]" time="0.013" /><testcase classname="tests.test_qa_vnext_anchored_state_catalog" name="test_genuine_free_declaration_not_a_tampered_hash_remains_pending" time="0.005" /><testcase classname="tests.test_qa_vnext_anchored_state_catalog" name="test_catalog_keeps_every_original_package_and_method_pushforward" time="1.455" /><testcase classname="tests.test_qa_vnext_anchored_state_catalog" name="test_missing_mapping_retained_with_separate_train_and_heldout_gates[train-False]" time="0.907" /><testcase classname="tests.test_qa_vnext_anchored_state_catalog" name="test_missing_mapping_retained_with_separate_train_and_heldout_gates[heldout-True]" time="0.905" /><testcase classname="tests.test_qa_vnext_anchored_state_catalog" name="test_deleting_unmapped_original_cannot_restore_ready" time="0.004" /><testcase classname="tests.test_qa_vnext_anchored_state_catalog" name="test_rehashed_state_count_or_method_cannot_override_originals" time="0.176" /><testcase classname="tests.test_qa_vnext_anchored_state_catalog" name="test_explicit_parent_loader_reads_all_original_eight_plus_two_and_evidence" time="1.318" /><testcase classname="tests.test_qa_vnext_anchored_state_catalog" name="test_live_collection_or_missing_heldout_original_is_not_state_mapping_uncertainty" time="0.287" /><testcase classname="tests.test_qa_vnext_anchored_state_materials" name="test_pi0_exactly_restores_every_old_alpha0_coefficient_and_original_package" time="1.582" /><testcase classname="tests.test_qa_vnext_anchored_state_materials" name="test_event_callback_cannot_change_validated_private_input_snapshot" time="0.762" /><testcase classname="tests.test_qa_vnext_anchored_state_materials" name="test_changed_state_weights_cannot_be_smuggled_into_unmodified_old_kernel" time="0.310" /><testcase classname="tests.test_qa_vnext_anchored_state_materials" name="test_updated_float_probabilities_keep_actual_residual_without_normalization" time="0.357" /><testcase classname="tests.test_qa_vnext_anchored_state_materials" name="test_original_physical_kernel_and_state_coefficient_cannot_change[drop_package]" time="0.450" /><testcase classname="tests.test_qa_vnext_anchored_state_materials" name="test_original_physical_kernel_and_state_coefficient_cannot_change[reorder_packages]" time="0.359" /><testcase classname="tests.test_qa_vnext_anchored_state_materials" name="test_original_physical_kernel_and_state_coefficient_cannot_change[retokenize]" time="0.358" /><testcase classname="tests.test_qa_vnext_anchored_state_materials" name="test_original_physical_kernel_and_state_coefficient_cannot_change[reorder_rows]" time="0.359" /><testcase classname="tests.test_qa_vnext_anchored_state_materials" name="test_original_physical_kernel_and_state_coefficient_cannot_change[delete_row]" time="0.445" /><testcase classname="tests.test_qa_vnext_anchored_state_materials" name="test_original_physical_kernel_and_state_coefficient_cannot_change[wrong_pool]" time="0.365" /><testcase classname="tests.test_qa_vnext_anchored_state_materials" name="test_original_physical_kernel_and_state_coefficient_cannot_change[heldout]" time="0.365" /><testcase classname="tests.test_qa_vnext_anchored_state_materials" name="test_original_physical_kernel_and_state_coefficient_cannot_change[wrong_state_n]" time="0.450" /><testcase classname="tests.test_qa_vnext_anchored_state_materials" name="test_original_physical_kernel_and_state_coefficient_cannot_change[extra_divisor]" time="0.358" /><testcase classname="tests.test_qa_vnext_anchored_state_materials" name="test_full_64_original_package_step_matches_independent_token_package_state_task_reduction[True]" time="0.517" /><testcase classname="tests.test_qa_vnext_anchored_state_materials" name="test_full_64_original_package_step_matches_independent_token_package_state_task_reduction[False]" time="0.611" /><testcase classname="tests.test_qa_vnext_anchored_state_materials" name="test_nonfinite_loss_and_failed_sink_cannot_step_optimizer" time="0.395" /><testcase classname="tests.test_qa_vnext_anchored_state_materials" name="test_state_shift_control_has_a_nonzero_objective_change_not_identical_toy_rows" time="0.352" /><testcase classname="tests.test_qa_vnext_anchored_state_materials" name="test_real_GPU_path_remains_explicitly_unvalidated_and_unexecuted" time="0.403" /><testcase classname="tests.test_qa_vnext_anchored_study" name="test_new_comparison_is_fixed_full_algorithm_not_three_point_selection" time="0.001" /><testcase classname="tests.test_qa_vnext_anchored_study" name="test_two_real_CPU_boundaries_and_optimizer_state" time="53.093" /><testcase classname="tests.test_qa_vnext_anchored_study" name="test_round_has_actual_current_point_probabilities_C_and_anchors" time="0.001" /><testcase classname="tests.test_qa_vnext_anchored_study" name="test_first_common_random_round_then_novelty_changes_second_update" time="0.001" /><testcase classname="tests.test_qa_vnext_anchored_study" name="test_static_baseline_has_no_feedback_and_controls_stay_at_prior" time="0.001" /><testcase classname="tests.test_qa_vnext_anchored_study" name="test_missing_fixed_package_stops_before_feedback" time="0.313" /><testcase classname="tests.test_qa_vnext_anchored_study" name="test_virtual_buffers_are_bound_in_probability_point" time="0.001" /><testcase classname="tests.test_qa_vnext_anchored_study" name="test_C_only_strength_not_renormalized_and_prior_not_optimized" time="0.001" /><testcase classname="tests.test_qa_vnext_anchored_study" name="test_same_package_ID_cannot_authorize_modified_content_or_state[rows]" time="0.657" /><testcase classname="tests.test_qa_vnext_anchored_study" name="test_same_package_ID_cannot_authorize_modified_content_or_state[state]" time="0.558" /><testcase classname="tests.test_qa_vnext_anchored_study" name="test_callbacks_cannot_mutate_fixed_distribution_or_fake_training[loader_pi]" time="1.018" /><testcase classname="tests.test_qa_vnext_anchored_study" name="test_callbacks_cannot_mutate_fixed_distribution_or_fake_training[training_pi]" time="1.288" /><testcase classname="tests.test_qa_vnext_anchored_study" name="test_callbacks_cannot_mutate_fixed_distribution_or_fake_training[external_prior]" time="1.299" /><testcase classname="tests.test_qa_vnext_anchored_study" name="test_callbacks_cannot_mutate_fixed_distribution_or_fake_training[fake_step]" time="1.210" /><testcase classname="tests.test_qa_vnext_anchored_study" name="test_static_branch_also_has_hard_CPU_gate" time="0.523" /><testcase classname="tests.test_qa_vnext_anchored_study" name="test_record_detaches_nested_mutable_inputs_and_old_rounds" time="0.410" /><testcase classname="tests.test_qa_vnext_anchored_vtdo_distribution" name="test_first_round_zero_novelty_matches_C_only_without_reweighting_C" time="0.001" /><testcase classname="tests.test_qa_vnext_anchored_vtdo_distribution" name="test_mu_scaled_RMS_uses_only_optimization_tasks_and_normalizes_their_mass" time="0.001" /><testcase classname="tests.test_qa_vnext_anchored_vtdo_distribution" name="test_all_zero_empirical_proxy_has_fixed_floor_and_uninformative_diagnostic" time="0.001" /><testcase classname="tests.test_qa_vnext_anchored_vtdo_distribution" name="test_exact_update_matches_independent_torch_softmax_and_reports_both_KLs" time="0.001" /><testcase classname="tests.test_qa_vnext_anchored_vtdo_distribution" name="test_frozen_potential_solution_maximizes_dual_KL_objective" time="0.001" /><testcase classname="tests.test_qa_vnext_anchored_vtdo_distribution" name="test_preserved_synthetic_small_epsilon_novelty_reversal_counterexample" time="0.001" /><testcase classname="tests.test_qa_vnext_anchored_vtdo_distribution" name="test_registered_parameters_avoid_that_specific_two_round_reversal_only" time="0.001" /><testcase classname="tests.test_qa_vnext_anchored_vtdo_distribution" name="test_no_probability_clipping_to_rescue_softmax_underflow" time="0.001" /><testcase classname="tests.test_qa_vnext_anchored_vtdo_distribution" name="test_control_distribution_cannot_drift_from_its_original_prior" time="0.001" /><testcase classname="tests.test_qa_vnext_anchored_vtdo_distribution" name="test_noninterior_or_nonfinite_mass_is_not_repaired[0]" time="0.001" /><testcase classname="tests.test_qa_vnext_anchored_vtdo_distribution" name="test_noninterior_or_nonfinite_mass_is_not_repaired[-0.1]" time="0.001" /><testcase classname="tests.test_qa_vnext_anchored_vtdo_distribution" name="test_noninterior_or_nonfinite_mass_is_not_repaired[nan]" time="0.001" /><testcase classname="tests.test_qa_vnext_anchored_vtdo_distribution" name="test_noninterior_or_nonfinite_mass_is_not_repaired[inf]" time="0.001" /><testcase classname="tests.test_qa_vnext_anchored_vtdo_distribution" name="test_uncentered_contribution_is_rejected" time="0.001" /><testcase classname="tests.test_qa_vnext_anchored_vtdo_distribution" name="test_temperature_floor_is_on_C_over_mu_not_each_T_C_independently" time="0.001" /><testcase classname="tests.test_qa_vnext_anchored_vtdo_optimizer_pullback" name="test_virtual_step_matches_actual_torch_AdamW_without_mutating_real_state[False-False-0.4-dtype0]" time="0.005" /><testcase classname="tests.test_qa_vnext_anchored_vtdo_optimizer_pullback" name="test_virtual_step_matches_actual_torch_AdamW_without_mutating_real_state[False-False-0.4-dtype1]" time="0.004" /><testcase classname="tests.test_qa_vnext_anchored_vtdo_optimizer_pullback" name="test_virtual_step_matches_actual_torch_AdamW_without_mutating_real_state[False-False-2.0-dtype0]" time="0.004" /><testcase classname="tests.test_qa_vnext_anchored_vtdo_optimizer_pullback" name="test_virtual_step_matches_actual_torch_AdamW_without_mutating_real_state[False-False-2.0-dtype1]" time="0.004" /><testcase classname="tests.test_qa_vnext_anchored_vtdo_optimizer_pullback" name="test_virtual_step_matches_actual_torch_AdamW_without_mutating_real_state[False-False-None-dtype0]" time="0.004" /><testcase classname="tests.test_qa_vnext_anchored_vtdo_optimizer_pullback" name="test_virtual_step_matches_actual_torch_AdamW_without_mutating_real_state[False-False-None-dtype1]" time="0.004" /><testcase classname="tests.test_qa_vnext_anchored_vtdo_optimizer_pullback" name="test_virtual_step_matches_actual_torch_AdamW_without_mutating_real_state[False-True-0.4-dtype0]" time="0.004" /><testcase classname="tests.test_qa_vnext_anchored_vtdo_optimizer_pullback" name="test_virtual_step_matches_actual_torch_AdamW_without_mutating_real_state[False-True-0.4-dtype1]" time="0.004" /><testcase classname="tests.test_qa_vnext_anchored_vtdo_optimizer_pullback" name="test_virtual_step_matches_actual_torch_AdamW_without_mutating_real_state[False-True-2.0-dtype0]" time="0.004" /><testcase classname="tests.test_qa_vnext_anchored_vtdo_optimizer_pullback" name="test_virtual_step_matches_actual_torch_AdamW_without_mutating_real_state[False-True-2.0-dtype1]" time="0.004" /><testcase classname="tests.test_qa_vnext_anchored_vtdo_optimizer_pullback" name="test_virtual_step_matches_actual_torch_AdamW_without_mutating_real_state[False-True-None-dtype0]" time="0.004" /><testcase classname="tests.test_qa_vnext_anchored_vtdo_optimizer_pullback" name="test_virtual_step_matches_actual_torch_AdamW_without_mutating_real_state[False-True-None-dtype1]" time="0.004" /><testcase classname="tests.test_qa_vnext_anchored_vtdo_optimizer_pullback" name="test_virtual_step_matches_actual_torch_AdamW_without_mutating_real_state[True-False-0.4-dtype0]" time="0.005" /><testcase classname="tests.test_qa_vnext_anchored_vtdo_optimizer_pullback" name="test_virtual_step_matches_actual_torch_AdamW_without_mutating_real_state[True-False-0.4-dtype1]" time="0.004" /><testcase classname="tests.test_qa_vnext_anchored_vtdo_optimizer_pullback" name="test_virtual_step_matches_actual_torch_AdamW_without_mutating_real_state[True-False-2.0-dtype0]" time="0.004" /><testcase classname="tests.test_qa_vnext_anchored_vtdo_optimizer_pullback" name="test_virtual_step_matches_actual_torch_AdamW_without_mutating_real_state[True-False-2.0-dtype1]" time="0.004" /><testcase classname="tests.test_qa_vnext_anchored_vtdo_optimizer_pullback" name="test_virtual_step_matches_actual_torch_AdamW_without_mutating_real_state[True-False-None-dtype0]" time="0.004" /><testcase classname="tests.test_qa_vnext_anchored_vtdo_optimizer_pullback" name="test_virtual_step_matches_actual_torch_AdamW_without_mutating_real_state[True-False-None-dtype1]" time="0.004" /><testcase classname="tests.test_qa_vnext_anchored_vtdo_optimizer_pullback" name="test_virtual_step_matches_actual_torch_AdamW_without_mutating_real_state[True-True-0.4-dtype0]" time="0.005" /><testcase classname="tests.test_qa_vnext_anchored_vtdo_optimizer_pullback" name="test_virtual_step_matches_actual_torch_AdamW_without_mutating_real_state[True-True-0.4-dtype1]" time="0.004" /><testcase classname="tests.test_qa_vnext_anchored_vtdo_optimizer_pullback" name="test_virtual_step_matches_actual_torch_AdamW_without_mutating_real_state[True-True-2.0-dtype0]" time="0.004" /><testcase classname="tests.test_qa_vnext_anchored_vtdo_optimizer_pullback" name="test_virtual_step_matches_actual_torch_AdamW_without_mutating_real_state[True-True-2.0-dtype1]" time="0.004" /><testcase classname="tests.test_qa_vnext_anchored_vtdo_optimizer_pullback" name="test_virtual_step_matches_actual_torch_AdamW_without_mutating_real_state[True-True-None-dtype0]" time="0.004" /><testcase classname="tests.test_qa_vnext_anchored_vtdo_optimizer_pullback" name="test_virtual_step_matches_actual_torch_AdamW_without_mutating_real_state[True-True-None-dtype1]" time="0.004" /><testcase classname="tests.test_qa_vnext_anchored_vtdo_optimizer_pullback" name="test_population_pullback_matches_directional_finite_differences[False-0.4-dtype0]" time="0.006" /><testcase classname="tests.test_qa_vnext_anchored_vtdo_optimizer_pullback" name="test_population_pullback_matches_directional_finite_differences[False-0.4-dtype1]" time="0.006" /><testcase classname="tests.test_qa_vnext_anchored_vtdo_optimizer_pullback" name="test_population_pullback_matches_directional_finite_differences[False-2.0-dtype0]" time="0.006" /><testcase classname="tests.test_qa_vnext_anchored_vtdo_optimizer_pullback" name="test_population_pullback_matches_directional_finite_differences[False-2.0-dtype1]" time="0.006" /><testcase classname="tests.test_qa_vnext_anchored_vtdo_optimizer_pullback" name="test_population_pullback_matches_directional_finite_differences[True-0.4-dtype0]" time="0.006" /><testcase classname="tests.test_qa_vnext_anchored_vtdo_optimizer_pullback" name="test_population_pullback_matches_directional_finite_differences[True-0.4-dtype1]" time="0.006" /><testcase classname="tests.test_qa_vnext_anchored_vtdo_optimizer_pullback" name="test_population_pullback_matches_directional_finite_differences[True-2.0-dtype0]" time="0.006" /><testcase classname="tests.test_qa_vnext_anchored_vtdo_optimizer_pullback" name="test_population_pullback_matches_directional_finite_differences[True-2.0-dtype1]" time="0.006" /><testcase classname="tests.test_qa_vnext_anchored_vtdo_optimizer_pullback" name="test_utility_gradient_is_formed_at_virtual_theta_before_negative_pullback" time="0.007" /><testcase classname="tests.test_qa_vnext_anchored_vtdo_optimizer_pullback" name="test_lazy_zero_moments_and_zero_gradient_have_correct_differentiable_limit[dtype0]" time="0.003" /><testcase classname="tests.test_qa_vnext_anchored_vtdo_optimizer_pullback" name="test_lazy_zero_moments_and_zero_gradient_have_correct_differentiable_limit[dtype1]" time="0.003" /><testcase classname="tests.test_qa_vnext_anchored_vtdo_optimizer_pullback" name="test_zero_second_moment_with_nonzero_first_moment_is_rejected" time="0.003" /><testcase classname="tests.test_qa_vnext_anchored_vtdo_optimizer_pullback" name="test_float32_population_norm_underflow_is_explicitly_rejected" time="0.002" /><testcase classname="tests.test_qa_vnext_anchored_vtdo_optimizer_pullback" name="test_exact_PyTorch_clip_kink_is_rejected[dtype0]" time="0.001" /><testcase classname="tests.test_qa_vnext_anchored_vtdo_optimizer_pullback" name="test_exact_PyTorch_clip_kink_is_rejected[dtype1]" time="0.001" /><testcase classname="tests.test_qa_vnext_anchored_vtdo_optimizer_pullback" name="test_stale_actual_optimizer_binding_is_rejected[theta]" time="0.002" /><testcase classname="tests.test_qa_vnext_anchored_vtdo_optimizer_pullback" name="test_stale_actual_optimizer_binding_is_rejected[moments]" time="0.002" /><testcase classname="tests.test_qa_vnext_anchored_vtdo_optimizer_pullback" name="test_stale_actual_optimizer_binding_is_rejected[step]" time="0.002" /><testcase classname="tests.test_qa_vnext_anchored_vtdo_optimizer_pullback" name="test_stale_actual_optimizer_binding_is_rejected[config]" time="0.002" /><testcase classname="tests.test_qa_vnext_anchored_vtdo_optimizer_pullback" name="test_population_G_includes_controls_and_is_not_average_of_state_updates" time="0.004" /><testcase classname="tests.test_qa_vnext_anchored_vtdo_optimizer_pullback" name="test_zero_gradient_inside_active_tiny_clip_has_correct_derivative_limit[dtype0]" time="0.003" /><testcase classname="tests.test_qa_vnext_anchored_vtdo_optimizer_pullback" name="test_zero_gradient_inside_active_tiny_clip_has_correct_derivative_limit[dtype1]" time="0.003" /><testcase classname="tests.test_qa_vnext_anchored_vtdo_optimizer_pullback" name="test_underflowed_second_moment_coordinate_even_with_nonzero_global_norm_is_rejected" time="0.002" /><testcase classname="tests.test_qa_vnext_anchored_vtdo_optimizer_pullback" name="test_float32_step_counter_that_cannot_advance_is_rejected" time="0.002" /><testcase classname="tests.test_qa_vnext_anchored_vtdo_optimizer_pullback" name="test_internal_binding_snapshot_tampering_is_rejected[tensor]" time="0.002" /><testcase classname="tests.test_qa_vnext_anchored_vtdo_optimizer_pullback" name="test_internal_binding_snapshot_tampering_is_rejected[metadata]" time="0.002" /><testcase classname="tests.test_qa_vnext_anchored_vtdo_optimizer_pullback" name="test_population_accepts_exact_Fraction_strings_without_changing_inputs" time="0.001" /><testcase classname="tests.test_qa_vnext_anchored_vtdo_optimizer_pullback" name="test_preexisting_real_grad_buffers_remain_bitwise_unchanged" time="0.004" /></testsuite></testsuites>